#
# A fatal error has been detected by the Java Runtime Environment:
#
#  EXCEPTION_ACCESS_VIOLATION (0xc0000005) at pc=0x00007fffcf5cfed5, pid=20636, tid=2980
#
# JRE version: Java(TM) SE Runtime Environment (13.0.2+8) (build 13.0.2+8)
# Java VM: Java HotSpot(TM) 64-Bit Server VM (13.0.2+8, mixed mode, sharing, tiered, compressed oops, g1 gc, windows-amd64)
# Problematic frame:
# V  [jvm.dll+0x5cfed5]
#
# No core dump will be written. Minidumps are not enabled by default on client versions of Windows
#
# If you would like to submit a bug report, please visit:
#   http://bugreport.java.com/bugreport/crash.jsp
#

---------------  S U M M A R Y ------------

Command Line: -agentlib:jdwp=transport=dt_socket,suspend=y,address=localhost:59828 -javaagent:C:\Users\harig\eclipse\java-2020-03\eclipse\configuration\org.eclipse.osgi\223\0\.cp\lib\javaagent-shaded.jar -Dfile.encoding=Cp1252 BrowserTest

Host: Intel(R) Core(TM) i7-10510U CPU @ 1.80GHz, 8 cores, 11G,  Windows 10 , 64 bit Build 18362 (10.0.18362.778)
Time: Wed Jun 10 21:51:19 2020 India Standard Time elapsed time: 9111 seconds (0d 2h 31m 51s)

---------------  T H R E A D  ---------------

Current thread (0x00000214c272d000):  VMThread "VM Thread" [stack: 0x000000fbdcf00000,0x000000fbdd000000] [id=2980]

Stack: [0x000000fbdcf00000,0x000000fbdd000000],  sp=0x000000fbdcfff238,  free space=1020k
Native frames: (J=compiled Java code, j=interpreted, Vv=VM code, C=native code)
V  [jvm.dll+0x5cfed5]


siginfo: EXCEPTION_ACCESS_VIOLATION (0xc0000005), reading address 0xffffffffffffffff


Register to memory mapping:

RIP=0x00007fffcf5cfed5 jvm.dll
RAX=0x00007fffcf8b6eca jvm.dll
RBX=0x0 is NULL
RCX=0x00000214c236e958 is pointing into metadata
RDX=0x00000214a0b98801 points into unknown readable memory: 6d 8d cf ff 7f 00 00
RSP=0x000000fbdcfff238 points into unknown readable memory: ea 1c 73 cf ff 7f 00 00
RBP=0x00007fffcf5cfed0 jvm.dll
RSI=0x00000214a0b98800 is a thread
RDI=0x0 is NULL
R8 =0x00000000030fe501 is an unknown value
R9 =0x000000007ffee000 points into unknown readable memory: 48 61 6c 54 00 00 00 00
R10=0x00000000546c6148 is an unknown value
R11=0x000000331d5448e8 is an unknown value
R12=0x00007fffcf833550 jvm.dll
R13=0x00007fffcfabfea0 jvm.dll
R14=0x00000214c1f10ff8 points into unknown readable memory: d2 f0 b8 70 80 a0 20 08
R15=0x00000000000003d8 is an unknown value


Registers:
RAX=0x00007fffcf8b6eca, RBX=0x0000000000000000, RCX=0x00000214c236e958, RDX=0x00000214a0b98801
RSP=0x000000fbdcfff238, RBP=0x00007fffcf5cfed0, RSI=0x00000214a0b98800, RDI=0x0000000000000000
R8 =0x00000000030fe501, R9 =0x000000007ffee000, R10=0x00000000546c6148, R11=0x000000331d5448e8
R12=0x00007fffcf833550, R13=0x00007fffcfabfea0, R14=0x00000214c1f10ff8, R15=0x00000000000003d8
RIP=0x00007fffcf5cfed5, EFLAGS=0x0000000000010202

Top of Stack: (sp=0x000000fbdcfff238)
0x000000fbdcfff238:   00007fffcf731cea 0000000000000000
0x000000fbdcfff248:   0000000000000001 00000214c8941380
0x000000fbdcfff258:   00007ff800fdfb91 000000fbdcfff2f0
0x000000fbdcfff268:   00007fffcf733c90 00000214c7d27950
0x000000fbdcfff278:   0000000000000000 0000000000000014
0x000000fbdcfff288:   0000000000000004 000000fbdcfff2f0
0x000000fbdcfff298:   00007fffcf737907 0000000000000001
0x000000fbdcfff2a8:   00000214c1f10c20 0000000000000001
0x000000fbdcfff2b8:   00007fffcf68c7c5 000000fbdcfff3f0
0x000000fbdcfff2c8:   00007fffcf7341af 0000000000000001
0x000000fbdcfff2d8:   0000000000000001 0000000000000004
0x000000fbdcfff2e8:   0000000000000000 00007fffcf8d8140
0x000000fbdcfff2f8:   00007fffcf5cfed0 00000214c1f10c10
0x000000fbdcfff308:   00007fffcf5cfd65 000000fbffffffff
0x000000fbdcfff318:   00000214c8941380 00000214c272d000
0x000000fbdcfff328:   00007fffcf8ce820 00000214c1f10c10 

Instructions: (pc=0x00007fffcf5cfed5)
0x00007fffcf5cfdd5:   cc cc cc cc cc cc cc cc cc cc cc 48 89 5c 24 18
0x00007fffcf5cfde5:   55 48 83 ec 20 48 8b 1d 87 f0 4b 00 48 85 db 74
0x00007fffcf5cfdf5:   17 48 8b 05 6b f0 4b 00 48 89 83 08 02 00 00 48
0x00007fffcf5cfe05:   89 1d 5d f0 4b 00 eb 07 48 8b 1d 54 f0 4b 00 33
0x00007fffcf5cfe15:   ed 48 89 2d 5b f0 4b 00 48 85 db 74 7e 48 89 74
0x00007fffcf5cfe25:   24 30 48 89 7c 24 38 0f 1f 40 00 48 8b b3 00 02
0x00007fffcf5cfe35:   00 00 48 8b fd 48 2b f3 48 c1 ee 03 48 85 f6 74
0x00007fffcf5cfe45:   1e 66 66 0f 1f 84 00 00 00 00 00 48 8b 0c fb 33
0x00007fffcf5cfe55:   d2 48 8b 01 ff 50 68 48 ff c7 48 3b fe 72 ec 48
0x00007fffcf5cfe65:   8b 8b 08 02 00 00 48 89 ab 08 02 00 00 48 89 9b
0x00007fffcf5cfe75:   00 02 00 00 48 8b 05 f0 ef 4b 00 48 89 83 10 02
0x00007fffcf5cfe85:   00 00 48 89 1d e2 ef 4b 00 48 8b d9 48 85 c9 75
0x00007fffcf5cfe95:   9a 48 8b 7c 24 38 48 8b 74 24 30 48 8b 5c 24 40
0x00007fffcf5cfea5:   48 89 2d bc ef 4b 00 48 83 c4 20 5d c3 cc cc cc
0x00007fffcf5cfeb5:   cc cc cc cc cc cc cc cc cc cc cc 48 8b 02 48 8b
0x00007fffcf5cfec5:   ca b2 01 48 ff 60 68 cc cc cc cc 48 8b 01 b2 01
0x00007fffcf5cfed5:   48 ff 60 68 cc cc cc cc cc cc cc 40 53 48 83 ec
0x00007fffcf5cfee5:   20 48 8b 15 8b ef 4b 00 48 8b d9 48 85 d2 74 21
0x00007fffcf5cfef5:   48 8d 82 00 02 00 00 48 39 00 75 72 48 8b 05 60
0x00007fffcf5cff05:   ef 4b 00 48 89 82 08 02 00 00 48 89 15 52 ef 4b
0x00007fffcf5cff15:   00 48 8b 15 53 ef 4b 00 48 85 d2 74 10 48 8b 82
0x00007fffcf5cff25:   10 02 00 00 48 89 05 40 ef 4b 00 eb 3a 45 33 c0
0x00007fffcf5cff35:   b9 18 02 00 00 41 8d 50 08 e8 8d 8d ae ff 48 8b
0x00007fffcf5cff45:   d0 48 85 c0 74 1f 48 89 80 00 02 00 00 48 c7 80
0x00007fffcf5cff55:   08 02 00 00 00 00 00 00 48 c7 80 10 02 00 00 00
0x00007fffcf5cff65:   00 00 00 eb 02 33 d2 48 89 15 05 ef 4b 00 48 8b
0x00007fffcf5cff75:   82 00 02 00 00 48 89 18 48 83 82 00 02 00 00 08
0x00007fffcf5cff85:   48 83 c4 20 5b c3 cc cc cc cc cc 48 89 4c 24 08
0x00007fffcf5cff95:   48 89 54 24 10 4c 89 44 24 18 4c 89 4c 24 20 48
0x00007fffcf5cffa5:   83 ec 28 4c 8b c1 4c 8d 4c 24 38 48 8d 0d 59 92
0x00007fffcf5cffb5:   4a 00 ba 01 00 00 00 e8 7f 29 f6 ff 48 83 c4 28
0x00007fffcf5cffc5:   c3 cc cc cc cc cc cc cc cc cc cc 48 89 5c 24 08 


Stack slot to memory mapping:
stack at sp + 0 slots: 0x00007fffcf731cea jvm.dll
stack at sp + 1 slots: 0x0 is NULL
stack at sp + 2 slots: 0x0000000000000001 is an unknown value
stack at sp + 3 slots: 0x00000214c8941380 points into unknown readable memory: 13 00 00 00 33 00 00 00
stack at sp + 4 slots: 0x00007ff800fdfb91 ntdll.dll
stack at sp + 5 slots: 0x000000fbdcfff2f0 points into unknown readable memory: 40 81 8d cf ff 7f 00 00
stack at sp + 6 slots: 0x00007fffcf733c90 jvm.dll
stack at sp + 7 slots: 0x00000214c7d27950 points into unknown readable memory: 00 88 b9 a0 14 02 00 00

VM_Operation (0x000000fbdd8ff570): RedefineClasses, mode: safepoint, requested by thread 0x00000214c298a800


---------------  P R O C E S S  ---------------

Threads class SMR info:
_java_thread_list=0x00000214c89e2b90, length=20, elements={
0x00000214a0b98800, 0x00000214c2731800, 0x00000214c2735800, 0x00000214c274e000,
0x00000214c2750000, 0x00000214c2753800, 0x00000214c2759800, 0x00000214c275c800,
0x00000214c1f14000, 0x00000214c298a800, 0x00000214c2938000, 0x00000214c2938800,
0x00000214c30e1000, 0x00000214c77ba800, 0x00000214c7b13000, 0x00000214c73bc000,
0x00000214c6bf0000, 0x00000214c7c49000, 0x00000214c2b06000, 0x00000214c4798800
}

Java Threads: ( => current thread )
  0x00000214a0b98800 JavaThread "main" [_thread_blocked, id=18208, stack(0x000000fbdc900000,0x000000fbdca00000)]
  0x00000214c2731800 JavaThread "Reference Handler" daemon [_thread_blocked, id=19196, stack(0x000000fbdd000000,0x000000fbdd100000)]
  0x00000214c2735800 JavaThread "Finalizer" daemon [_thread_blocked, id=17576, stack(0x000000fbdd100000,0x000000fbdd200000)]
  0x00000214c274e000 JavaThread "Signal Dispatcher" daemon [_thread_blocked, id=8900, stack(0x000000fbdd200000,0x000000fbdd300000)]
  0x00000214c2750000 JavaThread "Attach Listener" daemon [_thread_blocked, id=23028, stack(0x000000fbdd300000,0x000000fbdd400000)]
  0x00000214c2753800 JavaThread "C2 CompilerThread0" daemon [_thread_blocked, id=20656, stack(0x000000fbdd400000,0x000000fbdd500000)]
  0x00000214c2759800 JavaThread "C1 CompilerThread0" daemon [_thread_blocked, id=20216, stack(0x000000fbdd500000,0x000000fbdd600000)]
  0x00000214c275c800 JavaThread "Sweeper thread" daemon [_thread_blocked, id=5032, stack(0x000000fbdd600000,0x000000fbdd700000)]
  0x00000214c1f14000 JavaThread "Common-Cleaner" daemon [_thread_blocked, id=23044, stack(0x000000fbdd700000,0x000000fbdd800000)]
  0x00000214c298a800 JavaThread "JDWP Transport Listener: dt_socket" daemon [_thread_blocked, id=11360, stack(0x000000fbdd800000,0x000000fbdd900000)]
  0x00000214c2938000 JavaThread "JDWP Event Helper Thread" daemon [_thread_blocked, id=22864, stack(0x000000fbdd900000,0x000000fbdda00000)]
  0x00000214c2938800 JavaThread "JDWP Command Reader" daemon [_thread_in_native, id=10276, stack(0x000000fbdda00000,0x000000fbddb00000)]
  0x00000214c30e1000 JavaThread "Service Thread" daemon [_thread_blocked, id=19984, stack(0x000000fbddc00000,0x000000fbddd00000)]
  0x00000214c77ba800 JavaThread "AsyncHttpClient-timer-1-1" [_thread_blocked, id=18776, stack(0x000000fbde200000,0x000000fbde300000)]
  0x00000214c7b13000 JavaThread "Exec Default Executor" daemon [_thread_in_native, id=21308, stack(0x000000fbde300000,0x000000fbde400000)]
  0x00000214c73bc000 JavaThread "Exec Stream Pumper" daemon [_thread_in_native, id=10848, stack(0x000000fbde600000,0x000000fbde700000)]
  0x00000214c6bf0000 JavaThread "Exec Stream Pumper" daemon [_thread_in_native, id=11240, stack(0x000000fbde700000,0x000000fbde800000)]
  0x00000214c7c49000 JavaThread "AsyncHttpClient-3-1" [_thread_in_native, id=23216, stack(0x000000fbde900000,0x000000fbdea00000)]
  0x00000214c2b06000 JavaThread "AsyncHttpClient-3-2" [_thread_in_native, id=21012, stack(0x000000fbdde00000,0x000000fbddf00000)]
  0x00000214c4798800 JavaThread "AsyncHttpClient-3-3" [_thread_in_native, id=8880, stack(0x000000fbdea00000,0x000000fbdeb00000)]

Other Threads:
=>0x00000214c272d000 VMThread "VM Thread" [stack: 0x000000fbdcf00000,0x000000fbdd000000] [id=2980]
  0x00000214c30ef000 WatcherThread [stack: 0x000000fbddd00000,0x000000fbdde00000] [id=22804]
  0x00000214a0bf0000 GCTaskThread "GC Thread#0" [stack: 0x000000fbdca00000,0x000000fbdcb00000] [id=23484]
  0x00000214c3a11800 GCTaskThread "GC Thread#1" [stack: 0x000000fbddf00000,0x000000fbde000000] [id=20584]
  0x00000214c3af8800 GCTaskThread "GC Thread#2" [stack: 0x000000fbde000000,0x000000fbde100000] [id=15732]
  0x00000214c3af9800 GCTaskThread "GC Thread#3" [stack: 0x000000fbde100000,0x000000fbde200000] [id=16324]
  0x00000214a0c0a000 ConcurrentGCThread "G1 Main Marker" [stack: 0x000000fbdcb00000,0x000000fbdcc00000] [id=12164]
  0x00000214a0c0c000 ConcurrentGCThread "G1 Conc#0" [stack: 0x000000fbdcc00000,0x000000fbdcd00000] [id=12568]
  0x00000214c1da7800 ConcurrentGCThread "G1 Refine#0" [stack: 0x000000fbdcd00000,0x000000fbdce00000] [id=23272]
  0x00000214c1da9000 ConcurrentGCThread "G1 Young RemSet Sampling" [stack: 0x000000fbdce00000,0x000000fbdcf00000] [id=21236]

Threads with active compile tasks:

VM state:at safepoint (normal execution)

VM Mutex/Monitor currently owned by a thread:  ([mutex/lock_event])
[0x00000214a0b94bf0] Threads_lock - owner thread: 0x00000214c272d000

Heap address: 0x0000000743c00000, size: 3012 MB, Compressed Oops mode: Zero based, Oop shift amount: 3
Narrow klass base: 0x0000000800000000, Narrow klass shift: 3
Compressed class space size: 1073741824 Address: 0x0000000800b40000

Heap:
 garbage-first heap   total 194560K, used 65195K [0x0000000743c00000, 0x0000000800000000)
  region size 1024K, 46 young (47104K), 7 survivors (7168K)
 Metaspace       used 18841K, capacity 19423K, committed 19456K, reserved 1067008K
  class space    used 2298K, capacity 2539K, committed 2560K, reserved 1048576K
Heap Regions: E=young(eden), S=young(survivor), O=old, HS=humongous(starts), HC=humongous(continues), CS=collection set, F=free, A=archive, TAMS=top-at-mark-start (previous, next)
|   0|0x0000000743c00000, 0x0000000743d00000, 0x0000000743d00000|100%| O|  |TAMS 0x0000000743c00000, 0x0000000743c00000| Untracked 
|   1|0x0000000743d00000, 0x0000000743dcfe00, 0x0000000743e00000| 81%| O|  |TAMS 0x0000000743d00000, 0x0000000743d00000| Untracked 
|   2|0x0000000743e00000, 0x0000000743f00000, 0x0000000743f00000|100%|HS|  |TAMS 0x0000000743e00000, 0x0000000743e00000| Complete 
|   3|0x0000000743f00000, 0x0000000744000000, 0x0000000744000000|100%|HC|  |TAMS 0x0000000743f00000, 0x0000000743f00000| Complete 
|   4|0x0000000744000000, 0x0000000744100000, 0x0000000744100000|100%|HC|  |TAMS 0x0000000744000000, 0x0000000744000000| Complete 
|   5|0x0000000744100000, 0x0000000744200000, 0x0000000744200000|100%|HC|  |TAMS 0x0000000744100000, 0x0000000744100000| Complete 
|   6|0x0000000744200000, 0x0000000744300000, 0x0000000744300000|100%|HC|  |TAMS 0x0000000744200000, 0x0000000744200000| Complete 
|   7|0x0000000744300000, 0x0000000744400000, 0x0000000744400000|100%|HC|  |TAMS 0x0000000744300000, 0x0000000744300000| Complete 
|   8|0x0000000744400000, 0x0000000744500000, 0x0000000744500000|100%|HC|  |TAMS 0x0000000744400000, 0x0000000744400000| Complete 
|   9|0x0000000744500000, 0x0000000744600000, 0x0000000744600000|100%|HC|  |TAMS 0x0000000744500000, 0x0000000744500000| Complete 
|  10|0x0000000744600000, 0x0000000744700000, 0x0000000744700000|100%|HC|  |TAMS 0x0000000744600000, 0x0000000744600000| Complete 
|  11|0x0000000744700000, 0x0000000744800000, 0x0000000744800000|100%|HC|  |TAMS 0x0000000744700000, 0x0000000744700000| Complete 
|  12|0x0000000744800000, 0x0000000744900000, 0x0000000744900000|100%|HC|  |TAMS 0x0000000744800000, 0x0000000744800000| Complete 
|  13|0x0000000744900000, 0x0000000744a00000, 0x0000000744a00000|100%|HC|  |TAMS 0x0000000744900000, 0x0000000744900000| Complete 
|  14|0x0000000744a00000, 0x0000000744b00000, 0x0000000744b00000|100%|HC|  |TAMS 0x0000000744a00000, 0x0000000744a00000| Complete 
|  15|0x0000000744b00000, 0x0000000744c00000, 0x0000000744c00000|100%|HC|  |TAMS 0x0000000744b00000, 0x0000000744b00000| Complete 
|  16|0x0000000744c00000, 0x0000000744d00000, 0x0000000744d00000|100%|HC|  |TAMS 0x0000000744c00000, 0x0000000744c00000| Complete 
|  17|0x0000000744d00000, 0x0000000744e00000, 0x0000000744e00000|100%|HC|  |TAMS 0x0000000744d00000, 0x0000000744d00000| Complete 
|  18|0x0000000744e00000, 0x0000000744f00000, 0x0000000744f00000|100%|HC|  |TAMS 0x0000000744e00000, 0x0000000744e00000| Complete 
|  19|0x0000000744f00000, 0x0000000744f00000, 0x0000000745000000|  0%| F|  |TAMS 0x0000000744f00000, 0x0000000744f00000| Untracked 
|  20|0x0000000745000000, 0x0000000745000000, 0x0000000745100000|  0%| F|  |TAMS 0x0000000745000000, 0x0000000745000000| Untracked 
|  21|0x0000000745100000, 0x0000000745100000, 0x0000000745200000|  0%| F|  |TAMS 0x0000000745100000, 0x0000000745100000| Untracked 
|  22|0x0000000745200000, 0x0000000745200000, 0x0000000745300000|  0%| F|  |TAMS 0x0000000745200000, 0x0000000745200000| Untracked 
|  23|0x0000000745300000, 0x0000000745300000, 0x0000000745400000|  0%| F|  |TAMS 0x0000000745300000, 0x0000000745300000| Untracked 
|  24|0x0000000745400000, 0x0000000745400000, 0x0000000745500000|  0%| F|  |TAMS 0x0000000745400000, 0x0000000745400000| Untracked 
|  25|0x0000000745500000, 0x0000000745500000, 0x0000000745600000|  0%| F|  |TAMS 0x0000000745500000, 0x0000000745500000| Untracked 
|  26|0x0000000745600000, 0x0000000745600000, 0x0000000745700000|  0%| F|  |TAMS 0x0000000745600000, 0x0000000745600000| Untracked 
|  27|0x0000000745700000, 0x0000000745700000, 0x0000000745800000|  0%| F|  |TAMS 0x0000000745700000, 0x0000000745700000| Untracked 
|  28|0x0000000745800000, 0x0000000745800000, 0x0000000745900000|  0%| F|  |TAMS 0x0000000745800000, 0x0000000745800000| Untracked 
|  29|0x0000000745900000, 0x0000000745900000, 0x0000000745a00000|  0%| F|  |TAMS 0x0000000745900000, 0x0000000745900000| Untracked 
|  30|0x0000000745a00000, 0x0000000745a00000, 0x0000000745b00000|  0%| F|  |TAMS 0x0000000745a00000, 0x0000000745a00000| Untracked 
|  31|0x0000000745b00000, 0x0000000745b00000, 0x0000000745c00000|  0%| F|  |TAMS 0x0000000745b00000, 0x0000000745b00000| Untracked 
|  32|0x0000000745c00000, 0x0000000745c00000, 0x0000000745d00000|  0%| F|  |TAMS 0x0000000745c00000, 0x0000000745c00000| Untracked 
|  33|0x0000000745d00000, 0x0000000745d00000, 0x0000000745e00000|  0%| F|  |TAMS 0x0000000745d00000, 0x0000000745d00000| Untracked 
|  34|0x0000000745e00000, 0x0000000745e00000, 0x0000000745f00000|  0%| F|  |TAMS 0x0000000745e00000, 0x0000000745e00000| Untracked 
|  35|0x0000000745f00000, 0x0000000745f00000, 0x0000000746000000|  0%| F|  |TAMS 0x0000000745f00000, 0x0000000745f00000| Untracked 
|  36|0x0000000746000000, 0x0000000746000000, 0x0000000746100000|  0%| F|  |TAMS 0x0000000746000000, 0x0000000746000000| Untracked 
|  37|0x0000000746100000, 0x0000000746100000, 0x0000000746200000|  0%| F|  |TAMS 0x0000000746100000, 0x0000000746100000| Untracked 
|  38|0x0000000746200000, 0x0000000746200000, 0x0000000746300000|  0%| F|  |TAMS 0x0000000746200000, 0x0000000746200000| Untracked 
|  39|0x0000000746300000, 0x0000000746300000, 0x0000000746400000|  0%| F|  |TAMS 0x0000000746300000, 0x0000000746300000| Untracked 
|  40|0x0000000746400000, 0x0000000746400000, 0x0000000746500000|  0%| F|  |TAMS 0x0000000746400000, 0x0000000746400000| Untracked 
|  41|0x0000000746500000, 0x0000000746500000, 0x0000000746600000|  0%| F|  |TAMS 0x0000000746500000, 0x0000000746500000| Untracked 
|  42|0x0000000746600000, 0x0000000746600000, 0x0000000746700000|  0%| F|  |TAMS 0x0000000746600000, 0x0000000746600000| Untracked 
|  43|0x0000000746700000, 0x0000000746700000, 0x0000000746800000|  0%| F|  |TAMS 0x0000000746700000, 0x0000000746700000| Untracked 
|  44|0x0000000746800000, 0x0000000746800000, 0x0000000746900000|  0%| F|  |TAMS 0x0000000746800000, 0x0000000746800000| Untracked 
|  45|0x0000000746900000, 0x0000000746900000, 0x0000000746a00000|  0%| F|  |TAMS 0x0000000746900000, 0x0000000746900000| Untracked 
|  46|0x0000000746a00000, 0x0000000746a00000, 0x0000000746b00000|  0%| F|  |TAMS 0x0000000746a00000, 0x0000000746a00000| Untracked 
|  47|0x0000000746b00000, 0x0000000746b00000, 0x0000000746c00000|  0%| F|  |TAMS 0x0000000746b00000, 0x0000000746b00000| Untracked 
|  48|0x0000000746c00000, 0x0000000746c00000, 0x0000000746d00000|  0%| F|  |TAMS 0x0000000746c00000, 0x0000000746c00000| Untracked 
|  49|0x0000000746d00000, 0x0000000746d00000, 0x0000000746e00000|  0%| F|  |TAMS 0x0000000746d00000, 0x0000000746d00000| Untracked 
|  50|0x0000000746e00000, 0x0000000746e00000, 0x0000000746f00000|  0%| F|  |TAMS 0x0000000746e00000, 0x0000000746e00000| Untracked 
|  51|0x0000000746f00000, 0x0000000746f00000, 0x0000000747000000|  0%| F|  |TAMS 0x0000000746f00000, 0x0000000746f00000| Untracked 
|  52|0x0000000747000000, 0x0000000747000000, 0x0000000747100000|  0%| F|  |TAMS 0x0000000747000000, 0x0000000747000000| Untracked 
|  53|0x0000000747100000, 0x0000000747100000, 0x0000000747200000|  0%| F|  |TAMS 0x0000000747100000, 0x0000000747100000| Untracked 
|  54|0x0000000747200000, 0x0000000747200000, 0x0000000747300000|  0%| F|  |TAMS 0x0000000747200000, 0x0000000747200000| Untracked 
|  55|0x0000000747300000, 0x0000000747300000, 0x0000000747400000|  0%| F|  |TAMS 0x0000000747300000, 0x0000000747300000| Untracked 
|  56|0x0000000747400000, 0x0000000747400000, 0x0000000747500000|  0%| F|  |TAMS 0x0000000747400000, 0x0000000747400000| Untracked 
|  57|0x0000000747500000, 0x0000000747500000, 0x0000000747600000|  0%| F|  |TAMS 0x0000000747500000, 0x0000000747500000| Untracked 
|  58|0x0000000747600000, 0x0000000747600000, 0x0000000747700000|  0%| F|  |TAMS 0x0000000747600000, 0x0000000747600000| Untracked 
|  59|0x0000000747700000, 0x0000000747700000, 0x0000000747800000|  0%| F|  |TAMS 0x0000000747700000, 0x0000000747700000| Untracked 
|  60|0x0000000747800000, 0x0000000747800000, 0x0000000747900000|  0%| F|  |TAMS 0x0000000747800000, 0x0000000747800000| Untracked 
|  61|0x0000000747900000, 0x0000000747900000, 0x0000000747a00000|  0%| F|  |TAMS 0x0000000747900000, 0x0000000747900000| Untracked 
|  62|0x0000000747a00000, 0x0000000747a00000, 0x0000000747b00000|  0%| F|  |TAMS 0x0000000747a00000, 0x0000000747a00000| Untracked 
|  63|0x0000000747b00000, 0x0000000747b00000, 0x0000000747c00000|  0%| F|  |TAMS 0x0000000747b00000, 0x0000000747b00000| Untracked 
|  64|0x0000000747c00000, 0x0000000747c00000, 0x0000000747d00000|  0%| F|  |TAMS 0x0000000747c00000, 0x0000000747c00000| Untracked 
|  65|0x0000000747d00000, 0x0000000747d00000, 0x0000000747e00000|  0%| F|  |TAMS 0x0000000747d00000, 0x0000000747d00000| Untracked 
|  66|0x0000000747e00000, 0x0000000747e00000, 0x0000000747f00000|  0%| F|  |TAMS 0x0000000747e00000, 0x0000000747e00000| Untracked 
|  67|0x0000000747f00000, 0x0000000747f00000, 0x0000000748000000|  0%| F|  |TAMS 0x0000000747f00000, 0x0000000747f00000| Untracked 
|  68|0x0000000748000000, 0x0000000748000000, 0x0000000748100000|  0%| F|  |TAMS 0x0000000748000000, 0x0000000748000000| Untracked 
|  69|0x0000000748100000, 0x00000007481db188, 0x0000000748200000| 85%| S|CS|TAMS 0x0000000748100000, 0x0000000748100000| Complete 
|  70|0x0000000748200000, 0x0000000748300000, 0x0000000748300000|100%| S|CS|TAMS 0x0000000748200000, 0x0000000748200000| Complete 
|  71|0x0000000748300000, 0x0000000748400000, 0x0000000748400000|100%| S|CS|TAMS 0x0000000748300000, 0x0000000748300000| Complete 
|  72|0x0000000748400000, 0x0000000748500000, 0x0000000748500000|100%| S|CS|TAMS 0x0000000748400000, 0x0000000748400000| Complete 
|  73|0x0000000748500000, 0x0000000748600000, 0x0000000748600000|100%| S|CS|TAMS 0x0000000748500000, 0x0000000748500000| Complete 
|  74|0x0000000748600000, 0x0000000748700000, 0x0000000748700000|100%| S|CS|TAMS 0x0000000748600000, 0x0000000748600000| Complete 
|  75|0x0000000748700000, 0x0000000748800000, 0x0000000748800000|100%| S|CS|TAMS 0x0000000748700000, 0x0000000748700000| Complete 
|  76|0x0000000748800000, 0x0000000748800000, 0x0000000748900000|  0%| F|  |TAMS 0x0000000748800000, 0x0000000748800000| Untracked 
|  77|0x0000000748900000, 0x0000000748900000, 0x0000000748a00000|  0%| F|  |TAMS 0x0000000748900000, 0x0000000748900000| Untracked 
|  78|0x0000000748a00000, 0x0000000748a00000, 0x0000000748b00000|  0%| F|  |TAMS 0x0000000748a00000, 0x0000000748a00000| Untracked 
|  79|0x0000000748b00000, 0x0000000748b00000, 0x0000000748c00000|  0%| F|  |TAMS 0x0000000748b00000, 0x0000000748b00000| Untracked 
|  80|0x0000000748c00000, 0x0000000748c00000, 0x0000000748d00000|  0%| F|  |TAMS 0x0000000748c00000, 0x0000000748c00000| Untracked 
|  81|0x0000000748d00000, 0x0000000748d00000, 0x0000000748e00000|  0%| F|  |TAMS 0x0000000748d00000, 0x0000000748d00000| Untracked 
|  82|0x0000000748e00000, 0x0000000748e00000, 0x0000000748f00000|  0%| F|  |TAMS 0x0000000748e00000, 0x0000000748e00000| Untracked 
|  83|0x0000000748f00000, 0x0000000748f00000, 0x0000000749000000|  0%| F|  |TAMS 0x0000000748f00000, 0x0000000748f00000| Untracked 
|  84|0x0000000749000000, 0x0000000749000000, 0x0000000749100000|  0%| F|  |TAMS 0x0000000749000000, 0x0000000749000000| Untracked 
|  85|0x0000000749100000, 0x0000000749100000, 0x0000000749200000|  0%| F|  |TAMS 0x0000000749100000, 0x0000000749100000| Untracked 
|  86|0x0000000749200000, 0x0000000749200000, 0x0000000749300000|  0%| F|  |TAMS 0x0000000749200000, 0x0000000749200000| Untracked 
|  87|0x0000000749300000, 0x0000000749300000, 0x0000000749400000|  0%| F|  |TAMS 0x0000000749300000, 0x0000000749300000| Untracked 
|  88|0x0000000749400000, 0x0000000749400000, 0x0000000749500000|  0%| F|  |TAMS 0x0000000749400000, 0x0000000749400000| Untracked 
|  89|0x0000000749500000, 0x0000000749500000, 0x0000000749600000|  0%| F|  |TAMS 0x0000000749500000, 0x0000000749500000| Untracked 
|  90|0x0000000749600000, 0x0000000749600000, 0x0000000749700000|  0%| F|  |TAMS 0x0000000749600000, 0x0000000749600000| Untracked 
|  91|0x0000000749700000, 0x0000000749700000, 0x0000000749800000|  0%| F|  |TAMS 0x0000000749700000, 0x0000000749700000| Untracked 
|  92|0x0000000749800000, 0x0000000749800000, 0x0000000749900000|  0%| F|  |TAMS 0x0000000749800000, 0x0000000749800000| Untracked 
|  93|0x0000000749900000, 0x0000000749900000, 0x0000000749a00000|  0%| F|  |TAMS 0x0000000749900000, 0x0000000749900000| Untracked 
|  94|0x0000000749a00000, 0x0000000749a00000, 0x0000000749b00000|  0%| F|  |TAMS 0x0000000749a00000, 0x0000000749a00000| Untracked 
|  95|0x0000000749b00000, 0x0000000749b00000, 0x0000000749c00000|  0%| F|  |TAMS 0x0000000749b00000, 0x0000000749b00000| Untracked 
|  96|0x0000000749c00000, 0x0000000749c00000, 0x0000000749d00000|  0%| F|  |TAMS 0x0000000749c00000, 0x0000000749c00000| Untracked 
|  97|0x0000000749d00000, 0x0000000749d00000, 0x0000000749e00000|  0%| F|  |TAMS 0x0000000749d00000, 0x0000000749d00000| Untracked 
|  98|0x0000000749e00000, 0x0000000749e00000, 0x0000000749f00000|  0%| F|  |TAMS 0x0000000749e00000, 0x0000000749e00000| Untracked 
|  99|0x0000000749f00000, 0x0000000749f00000, 0x000000074a000000|  0%| F|  |TAMS 0x0000000749f00000, 0x0000000749f00000| Untracked 
| 100|0x000000074a000000, 0x000000074a000000, 0x000000074a100000|  0%| F|  |TAMS 0x000000074a000000, 0x000000074a000000| Untracked 
| 101|0x000000074a100000, 0x000000074a100000, 0x000000074a200000|  0%| F|  |TAMS 0x000000074a100000, 0x000000074a100000| Untracked 
| 102|0x000000074a200000, 0x000000074a200000, 0x000000074a300000|  0%| F|  |TAMS 0x000000074a200000, 0x000000074a200000| Untracked 
| 103|0x000000074a300000, 0x000000074a300000, 0x000000074a400000|  0%| F|  |TAMS 0x000000074a300000, 0x000000074a300000| Untracked 
| 104|0x000000074a400000, 0x000000074a400000, 0x000000074a500000|  0%| F|  |TAMS 0x000000074a400000, 0x000000074a400000| Untracked 
| 105|0x000000074a500000, 0x000000074a500000, 0x000000074a600000|  0%| F|  |TAMS 0x000000074a500000, 0x000000074a500000| Untracked 
| 106|0x000000074a600000, 0x000000074a600000, 0x000000074a700000|  0%| F|  |TAMS 0x000000074a600000, 0x000000074a600000| Untracked 
| 107|0x000000074a700000, 0x000000074a700000, 0x000000074a800000|  0%| F|  |TAMS 0x000000074a700000, 0x000000074a700000| Untracked 
| 108|0x000000074a800000, 0x000000074a800000, 0x000000074a900000|  0%| F|  |TAMS 0x000000074a800000, 0x000000074a800000| Untracked 
| 109|0x000000074a900000, 0x000000074a900000, 0x000000074aa00000|  0%| F|  |TAMS 0x000000074a900000, 0x000000074a900000| Untracked 
| 110|0x000000074aa00000, 0x000000074aa00000, 0x000000074ab00000|  0%| F|  |TAMS 0x000000074aa00000, 0x000000074aa00000| Untracked 
| 111|0x000000074ab00000, 0x000000074ab00000, 0x000000074ac00000|  0%| F|  |TAMS 0x000000074ab00000, 0x000000074ab00000| Untracked 
| 112|0x000000074ac00000, 0x000000074ac00000, 0x000000074ad00000|  0%| F|  |TAMS 0x000000074ac00000, 0x000000074ac00000| Untracked 
| 113|0x000000074ad00000, 0x000000074ad00000, 0x000000074ae00000|  0%| F|  |TAMS 0x000000074ad00000, 0x000000074ad00000| Untracked 
| 114|0x000000074ae00000, 0x000000074ae00000, 0x000000074af00000|  0%| F|  |TAMS 0x000000074ae00000, 0x000000074ae00000| Untracked 
| 115|0x000000074af00000, 0x000000074af00000, 0x000000074b000000|  0%| F|  |TAMS 0x000000074af00000, 0x000000074af00000| Untracked 
| 116|0x000000074b000000, 0x000000074b000000, 0x000000074b100000|  0%| F|  |TAMS 0x000000074b000000, 0x000000074b000000| Untracked 
| 117|0x000000074b100000, 0x000000074b100000, 0x000000074b200000|  0%| F|  |TAMS 0x000000074b100000, 0x000000074b100000| Untracked 
| 118|0x000000074b200000, 0x000000074b200000, 0x000000074b300000|  0%| F|  |TAMS 0x000000074b200000, 0x000000074b200000| Untracked 
| 119|0x000000074b300000, 0x000000074b300000, 0x000000074b400000|  0%| F|  |TAMS 0x000000074b300000, 0x000000074b300000| Untracked 
| 120|0x000000074b400000, 0x000000074b400000, 0x000000074b500000|  0%| F|  |TAMS 0x000000074b400000, 0x000000074b400000| Untracked 
| 121|0x000000074b500000, 0x000000074b500000, 0x000000074b600000|  0%| F|  |TAMS 0x000000074b500000, 0x000000074b500000| Untracked 
| 122|0x000000074b600000, 0x000000074b600000, 0x000000074b700000|  0%| F|  |TAMS 0x000000074b600000, 0x000000074b600000| Untracked 
| 123|0x000000074b700000, 0x000000074b700000, 0x000000074b800000|  0%| F|  |TAMS 0x000000074b700000, 0x000000074b700000| Untracked 
| 124|0x000000074b800000, 0x000000074b800000, 0x000000074b900000|  0%| F|  |TAMS 0x000000074b800000, 0x000000074b800000| Untracked 
| 125|0x000000074b900000, 0x000000074b900000, 0x000000074ba00000|  0%| F|  |TAMS 0x000000074b900000, 0x000000074b900000| Untracked 
| 126|0x000000074ba00000, 0x000000074ba00000, 0x000000074bb00000|  0%| F|  |TAMS 0x000000074ba00000, 0x000000074ba00000| Untracked 
| 127|0x000000074bb00000, 0x000000074bb00000, 0x000000074bc00000|  0%| F|  |TAMS 0x000000074bb00000, 0x000000074bb00000| Untracked 
| 128|0x000000074bc00000, 0x000000074bc00000, 0x000000074bd00000|  0%| F|  |TAMS 0x000000074bc00000, 0x000000074bc00000| Untracked 
| 129|0x000000074bd00000, 0x000000074bd00000, 0x000000074be00000|  0%| F|  |TAMS 0x000000074bd00000, 0x000000074bd00000| Untracked 
| 130|0x000000074be00000, 0x000000074be00000, 0x000000074bf00000|  0%| F|  |TAMS 0x000000074be00000, 0x000000074be00000| Untracked 
| 131|0x000000074bf00000, 0x000000074bf00000, 0x000000074c000000|  0%| F|  |TAMS 0x000000074bf00000, 0x000000074bf00000| Untracked 
| 132|0x000000074c000000, 0x000000074c000000, 0x000000074c100000|  0%| F|  |TAMS 0x000000074c000000, 0x000000074c000000| Untracked 
| 133|0x000000074c100000, 0x000000074c100000, 0x000000074c200000|  0%| F|  |TAMS 0x000000074c100000, 0x000000074c100000| Untracked 
| 134|0x000000074c200000, 0x000000074c200000, 0x000000074c300000|  0%| F|  |TAMS 0x000000074c200000, 0x000000074c200000| Untracked 
| 135|0x000000074c300000, 0x000000074c300000, 0x000000074c400000|  0%| F|  |TAMS 0x000000074c300000, 0x000000074c300000| Untracked 
| 136|0x000000074c400000, 0x000000074c400000, 0x000000074c500000|  0%| F|  |TAMS 0x000000074c400000, 0x000000074c400000| Untracked 
| 137|0x000000074c500000, 0x000000074c500000, 0x000000074c600000|  0%| F|  |TAMS 0x000000074c500000, 0x000000074c500000| Untracked 
| 138|0x000000074c600000, 0x000000074c600000, 0x000000074c700000|  0%| F|  |TAMS 0x000000074c600000, 0x000000074c600000| Untracked 
| 139|0x000000074c700000, 0x000000074c700000, 0x000000074c800000|  0%| F|  |TAMS 0x000000074c700000, 0x000000074c700000| Untracked 
| 140|0x000000074c800000, 0x000000074c800000, 0x000000074c900000|  0%| F|  |TAMS 0x000000074c800000, 0x000000074c800000| Untracked 
| 141|0x000000074c900000, 0x000000074c900000, 0x000000074ca00000|  0%| F|  |TAMS 0x000000074c900000, 0x000000074c900000| Untracked 
| 142|0x000000074ca00000, 0x000000074ca00000, 0x000000074cb00000|  0%| F|  |TAMS 0x000000074ca00000, 0x000000074ca00000| Untracked 
| 143|0x000000074cb00000, 0x000000074cb00000, 0x000000074cc00000|  0%| F|  |TAMS 0x000000074cb00000, 0x000000074cb00000| Untracked 
| 144|0x000000074cc00000, 0x000000074cc00000, 0x000000074cd00000|  0%| F|  |TAMS 0x000000074cc00000, 0x000000074cc00000| Untracked 
| 145|0x000000074cd00000, 0x000000074cd00000, 0x000000074ce00000|  0%| F|  |TAMS 0x000000074cd00000, 0x000000074cd00000| Untracked 
| 146|0x000000074ce00000, 0x000000074ce00000, 0x000000074cf00000|  0%| F|  |TAMS 0x000000074ce00000, 0x000000074ce00000| Untracked 
| 147|0x000000074cf00000, 0x000000074cf00000, 0x000000074d000000|  0%| F|  |TAMS 0x000000074cf00000, 0x000000074cf00000| Untracked 
| 148|0x000000074d000000, 0x000000074d000000, 0x000000074d100000|  0%| F|  |TAMS 0x000000074d000000, 0x000000074d000000| Untracked 
| 149|0x000000074d100000, 0x000000074d100000, 0x000000074d200000|  0%| F|  |TAMS 0x000000074d100000, 0x000000074d100000| Untracked 
| 150|0x000000074d200000, 0x000000074d200000, 0x000000074d300000|  0%| F|  |TAMS 0x000000074d200000, 0x000000074d200000| Untracked 
| 151|0x000000074d300000, 0x000000074d3fbe68, 0x000000074d400000| 98%| E|  |TAMS 0x000000074d300000, 0x000000074d300000| Complete 
| 152|0x000000074d400000, 0x000000074d500000, 0x000000074d500000|100%| E|CS|TAMS 0x000000074d400000, 0x000000074d400000| Complete 
| 153|0x000000074d500000, 0x000000074d600000, 0x000000074d600000|100%| E|CS|TAMS 0x000000074d500000, 0x000000074d500000| Complete 
| 154|0x000000074d600000, 0x000000074d700000, 0x000000074d700000|100%| E|CS|TAMS 0x000000074d600000, 0x000000074d600000| Complete 
| 155|0x000000074d700000, 0x000000074d800000, 0x000000074d800000|100%| E|CS|TAMS 0x000000074d700000, 0x000000074d700000| Complete 
| 156|0x000000074d800000, 0x000000074d900000, 0x000000074d900000|100%| E|CS|TAMS 0x000000074d800000, 0x000000074d800000| Complete 
| 157|0x000000074d900000, 0x000000074da00000, 0x000000074da00000|100%| E|CS|TAMS 0x000000074d900000, 0x000000074d900000| Complete 
| 158|0x000000074da00000, 0x000000074db00000, 0x000000074db00000|100%| E|CS|TAMS 0x000000074da00000, 0x000000074da00000| Complete 
| 159|0x000000074db00000, 0x000000074dc00000, 0x000000074dc00000|100%| E|CS|TAMS 0x000000074db00000, 0x000000074db00000| Complete 
| 160|0x000000074dc00000, 0x000000074dd00000, 0x000000074dd00000|100%| E|CS|TAMS 0x000000074dc00000, 0x000000074dc00000| Complete 
| 161|0x000000074dd00000, 0x000000074de00000, 0x000000074de00000|100%| E|CS|TAMS 0x000000074dd00000, 0x000000074dd00000| Complete 
| 162|0x000000074de00000, 0x000000074df00000, 0x000000074df00000|100%| E|CS|TAMS 0x000000074de00000, 0x000000074de00000| Complete 
| 163|0x000000074df00000, 0x000000074e000000, 0x000000074e000000|100%| E|CS|TAMS 0x000000074df00000, 0x000000074df00000| Complete 
| 164|0x000000074e000000, 0x000000074e100000, 0x000000074e100000|100%| E|CS|TAMS 0x000000074e000000, 0x000000074e000000| Complete 
| 165|0x000000074e100000, 0x000000074e200000, 0x000000074e200000|100%| E|CS|TAMS 0x000000074e100000, 0x000000074e100000| Complete 
| 166|0x000000074e200000, 0x000000074e300000, 0x000000074e300000|100%| E|CS|TAMS 0x000000074e200000, 0x000000074e200000| Complete 
| 167|0x000000074e300000, 0x000000074e400000, 0x000000074e400000|100%| E|CS|TAMS 0x000000074e300000, 0x000000074e300000| Complete 
| 168|0x000000074e400000, 0x000000074e500000, 0x000000074e500000|100%| E|CS|TAMS 0x000000074e400000, 0x000000074e400000| Complete 
| 169|0x000000074e500000, 0x000000074e600000, 0x000000074e600000|100%| E|CS|TAMS 0x000000074e500000, 0x000000074e500000| Complete 
| 170|0x000000074e600000, 0x000000074e700000, 0x000000074e700000|100%| E|CS|TAMS 0x000000074e600000, 0x000000074e600000| Complete 
| 171|0x000000074e700000, 0x000000074e800000, 0x000000074e800000|100%| E|CS|TAMS 0x000000074e700000, 0x000000074e700000| Complete 
| 172|0x000000074e800000, 0x000000074e900000, 0x000000074e900000|100%| E|CS|TAMS 0x000000074e800000, 0x000000074e800000| Complete 
| 173|0x000000074e900000, 0x000000074ea00000, 0x000000074ea00000|100%| E|CS|TAMS 0x000000074e900000, 0x000000074e900000| Complete 
| 174|0x000000074ea00000, 0x000000074eb00000, 0x000000074eb00000|100%| E|CS|TAMS 0x000000074ea00000, 0x000000074ea00000| Complete 
| 175|0x000000074eb00000, 0x000000074ec00000, 0x000000074ec00000|100%| E|CS|TAMS 0x000000074eb00000, 0x000000074eb00000| Complete 
| 176|0x000000074ec00000, 0x000000074ed00000, 0x000000074ed00000|100%| E|CS|TAMS 0x000000074ec00000, 0x000000074ec00000| Complete 
| 177|0x000000074ed00000, 0x000000074ee00000, 0x000000074ee00000|100%| E|CS|TAMS 0x000000074ed00000, 0x000000074ed00000| Complete 
| 178|0x000000074ee00000, 0x000000074ef00000, 0x000000074ef00000|100%| E|CS|TAMS 0x000000074ee00000, 0x000000074ee00000| Complete 
| 179|0x000000074ef00000, 0x000000074f000000, 0x000000074f000000|100%| E|CS|TAMS 0x000000074ef00000, 0x000000074ef00000| Complete 
| 180|0x000000074f000000, 0x000000074f100000, 0x000000074f100000|100%| E|CS|TAMS 0x000000074f000000, 0x000000074f000000| Complete 
| 181|0x000000074f100000, 0x000000074f200000, 0x000000074f200000|100%| E|CS|TAMS 0x000000074f100000, 0x000000074f100000| Complete 
| 182|0x000000074f200000, 0x000000074f300000, 0x000000074f300000|100%| E|CS|TAMS 0x000000074f200000, 0x000000074f200000| Complete 
| 183|0x000000074f300000, 0x000000074f400000, 0x000000074f400000|100%| E|CS|TAMS 0x000000074f300000, 0x000000074f300000| Complete 
| 184|0x000000074f400000, 0x000000074f500000, 0x000000074f500000|100%| E|CS|TAMS 0x000000074f400000, 0x000000074f400000| Complete 
| 185|0x000000074f500000, 0x000000074f600000, 0x000000074f600000|100%| E|CS|TAMS 0x000000074f500000, 0x000000074f500000| Complete 
| 186|0x000000074f600000, 0x000000074f700000, 0x000000074f700000|100%| E|CS|TAMS 0x000000074f600000, 0x000000074f600000| Complete 
| 187|0x000000074f700000, 0x000000074f800000, 0x000000074f800000|100%| E|CS|TAMS 0x000000074f700000, 0x000000074f700000| Complete 
| 188|0x000000074f800000, 0x000000074f900000, 0x000000074f900000|100%| E|CS|TAMS 0x000000074f800000, 0x000000074f800000| Complete 
| 189|0x000000074f900000, 0x000000074fa00000, 0x000000074fa00000|100%| E|CS|TAMS 0x000000074f900000, 0x000000074f900000| Complete 

Card table byte_map: [0x00000214b89d0000,0x00000214b8fc0000] _byte_map_base: 0x00000214b4fb2000

Marking Bits (Prev, Next): (CMBitMap*) 0x00000214a0bf0bc8, (CMBitMap*) 0x00000214a0bf0c08
 Prev Bits: [0x00000214b95b0000, 0x00000214bc4c0000)
 Next Bits: [0x00000214bc4c0000, 0x00000214bf3d0000)

Polling page: 0x00000214a0360000

Metaspace:

Usage:
  Non-class:     16.49 MB capacity,    16.16 MB ( 98%) used,   281.16 KB (  2%) free+waste,    59.81 KB ( <1%) overhead. 
      Class:      2.48 MB capacity,     2.24 MB ( 91%) used,   211.50 KB (  8%) free+waste,    29.38 KB (  1%) overhead. 
       Both:     18.97 MB capacity,    18.40 MB ( 97%) used,   492.66 KB (  3%) free+waste,    89.19 KB ( <1%) overhead. 

Virtual space:
  Non-class space:       18.00 MB reserved,      16.50 MB ( 92%) committed 
      Class space:        1.00 GB reserved,       2.50 MB ( <1%) committed 
             Both:        1.02 GB reserved,      19.00 MB (  2%) committed 

Chunk freelists:
   Non-Class:  12.00 KB
       Class:  21.00 KB
        Both:  33.00 KB

MaxMetaspaceSize: 17179869184.00 GB
CompressedClassSpaceSize: 1.00 GB

CodeHeap 'non-profiled nmethods': size=120000Kb used=1733Kb max_used=1977Kb free=118266Kb
 bounds [0x00000214b0b60000, 0x00000214b0dd0000, 0x00000214b8090000]
CodeHeap 'profiled nmethods': size=120000Kb used=3529Kb max_used=4819Kb free=116470Kb
 bounds [0x00000214a9630000, 0x00000214a9af0000, 0x00000214b0b60000]
CodeHeap 'non-nmethods': size=5760Kb used=1344Kb max_used=1439Kb free=4415Kb
 bounds [0x00000214a9090000, 0x00000214a9300000, 0x00000214a9630000]
 total_blobs=3667 nmethods=1854 adapters=444
 compilation: enabled
              stopped_count=0, restarted_count=0
 full_count=0

Compilation events (20 events):
Event: 4998.432 Thread 0x00000214c2753800 2206       4       java.util.concurrent.ConcurrentLinkedDeque$Itr::nextNode (9 bytes)
Event: 4998.435 Thread 0x00000214c2753800 nmethod 2206 0x00000214b0b78b90 code [0x00000214b0b78d20, 0x00000214b0b78e68]
Event: 5633.030 Thread 0x00000214c2759800 2207   !   3       jdk.internal.ref.PhantomCleanable::isListEmpty (34 bytes)
Event: 5633.031 Thread 0x00000214c2759800 nmethod 2207 0x00000214a97bb690 code [0x00000214a97bb840, 0x00000214a97bbbf8]
Event: 5633.031 Thread 0x00000214c2759800 2208       3       jdk.internal.misc.InnocuousThread::eraseThreadLocals (23 bytes)
Event: 5633.031 Thread 0x00000214c2759800 nmethod 2208 0x00000214a97d7810 code [0x00000214a97d79c0, 0x00000214a97d7c38]
Event: 5901.534 Thread 0x00000214c2753800 2209       4       java.util.concurrent.ConcurrentHashMap$ValueIterator::next (34 bytes)
Event: 5901.538 Thread 0x00000214c2753800 nmethod 2209 0x00000214b0ba3890 code [0x00000214b0ba3a20, 0x00000214b0ba3e98]
Event: 6042.633 Thread 0x00000214c2759800 2210 %     3       io.netty.util.HashedWheelTimer$Worker::run @ 42 (204 bytes)
Event: 6042.634 Thread 0x00000214c2759800 nmethod 2210% 0x00000214a9719110 code [0x00000214a9719420, 0x00000214a971a550]
Event: 6145.033 Thread 0x00000214c2759800 2211       3       io.netty.util.HashedWheelTimer$Worker::run (204 bytes)
Event: 6145.038 Thread 0x00000214c2759800 nmethod 2211 0x00000214a9630010 code [0x00000214a9630300, 0x00000214a9631350]
Event: 6590.933 Thread 0x00000214c2753800 2212       4       java.util.concurrent.ConcurrentLinkedDeque::first (65 bytes)
Event: 6590.937 Thread 0x00000214c2753800 nmethod 2212 0x00000214b0bdb690 code [0x00000214b0bdb820, 0x00000214b0bdb8f8]
Event: 6630.533 Thread 0x00000214c2753800 2213       4       java.util.concurrent.ConcurrentLinkedDeque$AbstractItr::advance (80 bytes)
Event: 6630.547 Thread 0x00000214c2753800 nmethod 2213 0x00000214b0b75f90 code [0x00000214b0b76140, 0x00000214b0b764e8]
Event: 6675.635 Thread 0x00000214c2753800 2214       4       org.asynchttpclient.netty.channel.DefaultChannelPool$IdleChannelDetector::expiredChannels (176 bytes)
Event: 6675.647 Thread 0x00000214c2753800 nmethod 2214 0x00000214b0b75210 code [0x00000214b0b753c0, 0x00000214b0b75808]
Event: 6746.032 Thread 0x00000214c2753800 2215       4       org.asynchttpclient.netty.channel.DefaultChannelPool$IdleChannelDetector::closeChannels (141 bytes)
Event: 6746.035 Thread 0x00000214c2753800 nmethod 2215 0x00000214b0bdb310 code [0x00000214b0bdb4a0, 0x00000214b0bdb578]

GC Heap History (4 events):
Event: 0.369 GC heap before
{Heap before GC invocations=0 (full 0):
 garbage-first heap   total 194560K, used 23552K [0x0000000743c00000, 0x0000000800000000)
  region size 1024K, 24 young (24576K), 0 survivors (0K)
 Metaspace       used 4332K, capacity 5642K, committed 5760K, reserved 1056768K
  class space    used 396K, capacity 535K, committed 640K, reserved 1048576K
}
Event: 0.373 GC heap after
{Heap after GC invocations=1 (full 0):
 garbage-first heap   total 194560K, used 4927K [0x0000000743c00000, 0x0000000800000000)
  region size 1024K, 3 young (3072K), 3 survivors (3072K)
 Metaspace       used 4332K, capacity 5642K, committed 5760K, reserved 1056768K
  class space    used 396K, capacity 535K, committed 640K, reserved 1048576K
}
Event: 2.113 GC heap before
{Heap before GC invocations=1 (full 0):
 garbage-first heap   total 194560K, used 118591K [0x0000000743c00000, 0x0000000800000000)
  region size 1024K, 114 young (116736K), 3 survivors (3072K)
 Metaspace       used 15551K, capacity 16077K, committed 16256K, reserved 1062912K
  class space    used 1852K, capacity 2061K, committed 2176K, reserved 1048576K
}
Event: 2.119 GC heap after
{Heap after GC invocations=2 (full 0):
 garbage-first heap   total 194560K, used 8875K [0x0000000743c00000, 0x0000000800000000)
  region size 1024K, 7 young (7168K), 7 survivors (7168K)
 Metaspace       used 15551K, capacity 16077K, committed 16256K, reserved 1062912K
  class space    used 1852K, capacity 2061K, committed 2176K, reserved 1048576K
}

Deoptimization events (20 events):
Event: 5.024 Thread 0x00000214a0b98800 DEOPT PACKING pc=0x00000214b0c06020 sp=0x000000fbdc9fe2c0
Event: 5.024 Thread 0x00000214a0b98800 DEOPT UNPACKING pc=0x00000214a90d912f sp=0x000000fbdc9fe268 mode 2
Event: 5.041 Thread 0x00000214a0b98800 DEOPT PACKING pc=0x00000214a973f6fa sp=0x000000fbdc9fbcd0
Event: 5.041 Thread 0x00000214a0b98800 DEOPT UNPACKING pc=0x00000214a90d964e sp=0x000000fbdc9fb440 mode 0
Event: 5.084 Thread 0x00000214c4798800 Uncommon trap: trap_request=0xffffffc6 fr.pc=0x00000214b0cd68e8 relative=0x0000000000001008
Event: 5.084 Thread 0x00000214c4798800 Uncommon trap: reason=bimorphic_or_optimized_type_check action=maybe_recompile pc=0x00000214b0cd68e8 method=java.util.HashMap.putVal(ILjava/lang/Object;Ljava/lang/Object;ZZ)Ljava/lang/Object; @ 203 c2
Event: 5.084 Thread 0x00000214c4798800 DEOPT PACKING pc=0x00000214b0cd68e8 sp=0x000000fbdeafcb60
Event: 5.084 Thread 0x00000214c4798800 DEOPT UNPACKING pc=0x00000214a90d912f sp=0x000000fbdeafcaf0 mode 2
Event: 5.090 Thread 0x00000214a0b98800 DEOPT PACKING pc=0x00000214a973f6fa sp=0x000000fbdc9fb7e0
Event: 5.090 Thread 0x00000214a0b98800 DEOPT UNPACKING pc=0x00000214a90d964e sp=0x000000fbdc9faf50 mode 0
Event: 4934.634 Thread 0x00000214c77ba800 Uncommon trap: trap_request=0xffffff45 fr.pc=0x00000214b0bedf9c relative=0x00000000000006dc
Event: 4934.634 Thread 0x00000214c77ba800 Uncommon trap: reason=unstable_if action=reinterpret pc=0x00000214b0bedf9c method=io.netty.util.HashedWheelTimer$HashedWheelBucket.expireTimeouts(J)V @ 21 c2
Event: 4934.634 Thread 0x00000214c77ba800 DEOPT PACKING pc=0x00000214b0bedf9c sp=0x000000fbde2ff1f0
Event: 4934.634 Thread 0x00000214c77ba800 DEOPT UNPACKING pc=0x00000214a90d912f sp=0x000000fbde2ff1d0 mode 2
Event: 6861.833 Thread 0x00000214c77ba800 DEOPT PACKING pc=0x00000214a971a310 sp=0x000000fbde2ff1f0
Event: 6861.833 Thread 0x00000214c77ba800 DEOPT UNPACKING pc=0x00000214a90d964e sp=0x000000fbde2fe738 mode 0
Event: 7680.933 Thread 0x00000214c77ba800 DEOPT PACKING pc=0x00000214a971a310 sp=0x000000fbde2ff1f0
Event: 7680.933 Thread 0x00000214c77ba800 DEOPT UNPACKING pc=0x00000214a90d964e sp=0x000000fbde2fe738 mode 0
Event: 8500.032 Thread 0x00000214c77ba800 DEOPT PACKING pc=0x00000214a971a310 sp=0x000000fbde2ff1f0
Event: 8500.032 Thread 0x00000214c77ba800 DEOPT UNPACKING pc=0x00000214a90d964e sp=0x000000fbde2fe738 mode 0

Classes unloaded (0 events):
No events

Classes redefined (16 events):
Event: 273.675 Thread 0x00000214c272d000 redefined class name=BrowserTest, count=1
Event: 546.789 Thread 0x00000214c272d000 redefined class name=BrowserTest, count=2
Event: 718.680 Thread 0x00000214c272d000 redefined class name=BrowserTest, count=3
Event: 735.737 Thread 0x00000214c272d000 redefined class name=BrowserTest, count=4
Event: 6921.020 Thread 0x00000214c272d000 redefined class name=BrowserTest, count=5
Event: 7018.142 Thread 0x00000214c272d000 redefined class name=BrowserTest, count=6
Event: 7250.095 Thread 0x00000214c272d000 redefined class name=BrowserTest, count=7
Event: 7337.333 Thread 0x00000214c272d000 redefined class name=BrowserTest, count=8
Event: 7354.376 Thread 0x00000214c272d000 redefined class name=BrowserTest, count=9
Event: 8153.381 Thread 0x00000214c272d000 redefined class name=BrowserTest, count=10
Event: 8293.756 Thread 0x00000214c272d000 redefined class name=BrowserTest, count=11
Event: 8310.581 Thread 0x00000214c272d000 redefined class name=BrowserTest, count=12
Event: 8507.614 Thread 0x00000214c272d000 redefined class name=BrowserTest, count=13
Event: 8530.550 Thread 0x00000214c272d000 redefined class name=BrowserTest, count=14
Event: 8668.367 Thread 0x00000214c272d000 redefined class name=BrowserTest, count=15
Event: 8697.119 Thread 0x00000214c272d000 redefined class name=BrowserTest, count=16

Internal exceptions (20 events):
Event: 0.925 Thread 0x00000214a0b98800 Exception <a 'java/lang/NoClassDefFoundError'{0x000000074cda7d68}: org/apache/log4j/Priority> (0x000000074cda7d68) 
thrown [t:/workspace/open/src/hotspot/share/classfile/systemDictionary.cpp, line 221]
Event: 0.994 Thread 0x00000214a0b98800 Exception <a 'java/lang/NoSuchMethodError'{0x000000074c75f030}: 'java.lang.Object java.lang.invoke.DirectMethodHandle$Holder.invokeStaticInit(java.lang.Object, java.lang.Object, java.lang.Object)'> (0x000000074c75f030) 
thrown [t:/workspace/open/src/hotspot/share/interpreter/linkResolver.cpp, line 767]
Event: 1.265 Thread 0x00000214a0b98800 Exception <a 'java/lang/NoSuchMethodError'{0x000000074b745410}: 'java.lang.Object java.lang.invoke.Invokers$Holder.linkToTargetMethod(java.lang.Object, int, java.lang.Object)'> (0x000000074b745410) 
thrown [t:/workspace/open/src/hotspot/share/interpreter/linkResolver.cpp, line 767]
Event: 1.352 Thread 0x00000214a0b98800 Exception <a 'java/lang/NoSuchMethodError'{0x000000074aa7ec38}: 'java.lang.Object java.lang.invoke.DirectMethodHandle$Holder.invokeSpecialIFC(java.lang.Object, java.lang.Object, java.lang.Object, java.lang.Object)'> (0x000000074aa7ec38) 
thrown [t:/workspace/open/src/hotspot/share/interpreter/linkResolver.cpp, line 767]
Event: 1.392 Thread 0x00000214c7b13000 Exception <a 'java/lang/NoSuchMethodError'{0x000000074a5b24c8}: 'void java.lang.invoke.DirectMethodHandle$Holder.invokeStatic(java.lang.Object, long)'> (0x000000074a5b24c8) 
thrown [t:/workspace/open/src/hotspot/share/interpreter/linkResolver.cpp, line 767]
Event: 1.397 Thread 0x00000214c7b13000 Exception <a 'java/lang/NoSuchMethodError'{0x000000074a5bfd68}: 'java.lang.Object java.lang.invoke.DirectMethodHandle$Holder.invokeStaticInit(java.lang.Object, java.lang.Object, long, java.lang.Object)'> (0x000000074a5bfd68) 
thrown [t:/workspace/open/src/hotspot/share/interpreter/linkResolver.cpp, line 767]
Event: 1.398 Thread 0x00000214c7b13000 Exception <a 'java/lang/NoSuchMethodError'{0x000000074a5c5930}: 'java.lang.Object java.lang.invoke.Invokers$Holder.linkToTargetMethod(java.lang.Object, long, java.lang.Object)'> (0x000000074a5c5930) 
thrown [t:/workspace/open/src/hotspot/share/interpreter/linkResolver.cpp, line 767]
Event: 1.915 Thread 0x00000214a0b98800 Exception <a 'java/lang/NoSuchMethodError'{0x000000074a2d2708}: 'java.lang.Object java.lang.invoke.DirectMethodHandle$Holder.invokeInterface(java.lang.Object, java.lang.Object, java.lang.Object)'> (0x000000074a2d2708) 
thrown [t:/workspace/open/src/hotspot/share/interpreter/linkResolver.cpp, line 767]
Event: 1.915 Thread 0x00000214a0b98800 Exception <a 'java/lang/IncompatibleClassChangeError'{0x000000074a2d50c0}: Found class java.lang.Object, but interface was expected> (0x000000074a2d50c0) 
thrown [t:/workspace/open/src/hotspot/share/interpreter/linkResolver.cpp, line 833]
Event: 1.916 Thread 0x00000214a0b98800 Exception <a 'java/lang/NoSuchMethodError'{0x000000074a2dda28}: 'int java.lang.invoke.DirectMethodHandle$Holder.invokeSpecialIFC(java.lang.Object, java.lang.Object, java.lang.Object, java.lang.Object)'> (0x000000074a2dda28) 
thrown [t:/workspace/open/src/hotspot/share/interpreter/linkResolver.cpp, line 767]
Event: 1.917 Thread 0x00000214a0b98800 Exception <a 'java/lang/NoSuchMethodError'{0x000000074a2e69b0}: 'java.lang.Object java.lang.invoke.DirectMethodHandle$Holder.invokeInterface(java.lang.Object, java.lang.Object, java.lang.Object, java.lang.Object)'> (0x000000074a2e69b0) 
thrown [t:/workspace/open/src/hotspot/share/interpreter/linkResolver.cpp, line 767]
Event: 1.937 Thread 0x00000214a0b98800 Exception <a 'java/lang/NoSuchMethodError'{0x0000000749fda9a0}: 'int java.lang.invoke.DirectMethodHandle$Holder.invokeVirtual(java.lang.Object, java.lang.Object)'> (0x0000000749fda9a0) 
thrown [t:/workspace/open/src/hotspot/share/interpreter/linkResolver.cpp, line 767]
Event: 1.938 Thread 0x00000214a0b98800 Exception <a 'java/lang/NoSuchMethodError'{0x0000000749fe0038}: 'double java.lang.invoke.DirectMethodHandle$Holder.invokeVirtual(java.lang.Object, java.lang.Object)'> (0x0000000749fe0038) 
thrown [t:/workspace/open/src/hotspot/share/interpreter/linkResolver.cpp, line 767]
Event: 1.938 Thread 0x00000214a0b98800 Exception <a 'java/lang/NoSuchMethodError'{0x0000000749fe58f8}: 'float java.lang.invoke.DirectMethodHandle$Holder.invokeVirtual(java.lang.Object, java.lang.Object)'> (0x0000000749fe58f8) 
thrown [t:/workspace/open/src/hotspot/share/interpreter/linkResolver.cpp, line 767]
Event: 1.939 Thread 0x00000214a0b98800 Exception <a 'java/lang/NoSuchMethodError'{0x0000000749fed380}: 'long java.lang.invoke.DirectMethodHandle$Holder.invokeVirtual(java.lang.Object, java.lang.Object)'> (0x0000000749fed380) 
thrown [t:/workspace/open/src/hotspot/share/interpreter/linkResolver.cpp, line 767]
Event: 1.970 Thread 0x00000214a0b98800 Exception <a 'java/lang/NoSuchMethodError'{0x0000000749b81570}: 'void java.lang.invoke.DirectMethodHandle$Holder.invokeSpecial(java.lang.Object, java.lang.Object, java.lang.Object, java.lang.Object, java.lang.Object)'> (0x0000000749b81570) 
thrown [t:/workspace/open/src/hotspot/share/interpreter/linkResolver.cpp, line 767]
Event: 2.099 Thread 0x00000214a0b98800 Exception <a 'java/lang/NoSuchMethodError'{0x0000000748a32738}: 'void java.lang.invoke.DirectMethodHandle$Holder.invokeStatic(java.lang.Object, java.lang.Object, java.lang.Object, java.lang.Object)'> (0x0000000748a32738) 
thrown [t:/workspace/open/src/hotspot/share/interpreter/linkResolver.cpp, line 767]
Event: 2.156 Thread 0x00000214a0b98800 Exception <a 'java/lang/NoSuchMethodError'{0x000000074f33f398}: 'void java.lang.invoke.DirectMethodHandle$Holder.invokeSpecial(java.lang.Object, java.lang.Object, java.lang.Object, java.lang.Object, java.lang.Object, java.lang.Object)'> (0x000000074f33f398) 
thrown [t:/workspace/open/src/hotspot/share/interpreter/linkResolver.cpp, line 767]
Event: 5.015 Thread 0x00000214a0b98800 Exception <a 'java/lang/NoSuchMethodError'{0x000000074dd7e100}: 'java.lang.Object java.lang.invoke.DirectMethodHandle$Holder.invokeSpecialIFC(java.lang.Object, java.lang.Object, java.lang.Object)'> (0x000000074dd7e100) 
thrown [t:/workspace/open/src/hotspot/share/interpreter/linkResolver.cpp, line 767]
Event: 5.030 Thread 0x00000214a0b98800 Exception <a 'java/lang/ClassNotFoundException'{0x000000074dca1dc8}: sun/util/logging/resources/spi/loggingProvider> (0x000000074dca1dc8) 
thrown [t:/workspace/open/src/hotspot/share/classfile/systemDictionary.cpp, line 232]

Events (20 events):
Event: 8763.683 Executing VM operation: GetCurrentContendedMonitor done
Event: 8763.683 Executing VM operation: GetOwnedMonitorInfo
Event: 8763.683 Executing VM operation: GetOwnedMonitorInfo done
Event: 8765.265 Executing VM operation: GetFrameCount
Event: 8765.265 Executing VM operation: GetFrameCount done
Event: 8765.265 Executing VM operation: GetOwnedMonitorInfo
Event: 8765.265 Executing VM operation: GetOwnedMonitorInfo done
Event: 8765.266 Executing VM operation: GetCurrentContendedMonitor
Event: 8765.266 Executing VM operation: GetCurrentContendedMonitor done
Event: 8765.331 Executing VM operation: GetFrameCount
Event: 8765.331 Executing VM operation: GetFrameCount done
Event: 8765.332 Executing VM operation: GetOwnedMonitorInfo
Event: 8765.332 Executing VM operation: GetOwnedMonitorInfo done
Event: 8765.332 Executing VM operation: GetCurrentContendedMonitor
Event: 8765.332 Executing VM operation: GetCurrentContendedMonitor done
Event: 8814.904 Executing VM operation: GetCurrentContendedMonitor
Event: 8814.904 Executing VM operation: GetCurrentContendedMonitor done
Event: 8814.904 Executing VM operation: GetOwnedMonitorInfo
Event: 8814.904 Executing VM operation: GetOwnedMonitorInfo done
Event: 9111.049 Executing VM operation: RedefineClasses


Dynamic libraries:
0x00007ff614440000 - 0x00007ff61444f000 	C:\Program Files\Java\jdk-13.0.2\bin\javaw.exe
0x00007ff800fa0000 - 0x00007ff801190000 	C:\windows\SYSTEM32\ntdll.dll
0x00007ff8008b0000 - 0x00007ff800962000 	C:\windows\System32\KERNEL32.DLL
0x00007ffffe8f0000 - 0x00007ffffeb94000 	C:\windows\System32\KERNELBASE.dll
0x00007ffffef40000 - 0x00007fffff03a000 	C:\windows\System32\ucrtbase.dll
0x00007ffff5c40000 - 0x00007ffff5c58000 	C:\Program Files\Java\jdk-13.0.2\bin\jli.dll
0x00007fffec010000 - 0x00007fffec025000 	C:\Program Files\Java\jdk-13.0.2\bin\VCRUNTIME140.dll
0x00007ffffff10000 - 0x00007ffffffb3000 	C:\windows\System32\ADVAPI32.dll
0x00007ff800400000 - 0x00007ff80049e000 	C:\windows\System32\msvcrt.dll
0x00007ff800970000 - 0x00007ff800a07000 	C:\windows\System32\sechost.dll
0x00007fffffc40000 - 0x00007fffffd60000 	C:\windows\System32\RPCRT4.dll
0x00007ff8005c0000 - 0x00007ff800754000 	C:\windows\System32\USER32.dll
0x00007ffffef10000 - 0x00007ffffef31000 	C:\windows\System32\win32u.dll
0x00007fffd5c10000 - 0x00007fffd5e94000 	C:\windows\WinSxS\amd64_microsoft.windows.common-controls_6595b64144ccf1df_6.0.18362.836_none_e6c4b943130f18ed\COMCTL32.dll
0x00007fffffc10000 - 0x00007fffffc36000 	C:\windows\System32\GDI32.dll
0x00007ff8000c0000 - 0x00007ff8003f6000 	C:\windows\System32\combase.dll
0x00007ffffdf20000 - 0x00007ffffe0b4000 	C:\windows\System32\gdi32full.dll
0x00007ffffebf0000 - 0x00007ffffec8e000 	C:\windows\System32\msvcp_win.dll
0x00007ffffee90000 - 0x00007ffffef10000 	C:\windows\System32\bcryptPrimitives.dll
0x00007ffff5190000 - 0x00007ffff519a000 	C:\windows\SYSTEM32\VERSION.dll
0x00007ffffffc0000 - 0x00007ffffffee000 	C:\windows\System32\IMM32.DLL
0x00007fffd11e0000 - 0x00007fffd127b000 	C:\Program Files\Java\jdk-13.0.2\bin\msvcp140.dll
0x00007fffcf000000 - 0x00007fffcfb5d000 	C:\Program Files\Java\jdk-13.0.2\bin\server\jvm.dll
0x00007fffff1f0000 - 0x00007fffff1f8000 	C:\windows\System32\PSAPI.DLL
0x00007fffe7d90000 - 0x00007fffe7db4000 	C:\windows\SYSTEM32\WINMM.dll
0x00007fffeede0000 - 0x00007fffeede9000 	C:\windows\SYSTEM32\WSOCK32.dll
0x00007fffffa40000 - 0x00007fffffaaf000 	C:\windows\System32\WS2_32.dll
0x00007fffe79a0000 - 0x00007fffe79cd000 	C:\windows\SYSTEM32\WINMMBASE.dll
0x00007ffffeba0000 - 0x00007ffffebea000 	C:\windows\System32\cfgmgr32.dll
0x00007ffffdf00000 - 0x00007ffffdf11000 	C:\windows\System32\kernel.appcore.dll
0x00007fffeedd0000 - 0x00007fffeede0000 	C:\Program Files\Java\jdk-13.0.2\bin\verify.dll
0x00007ffffc520000 - 0x00007ffffc714000 	C:\windows\SYSTEM32\DBGHELP.DLL
0x00007fffebe10000 - 0x00007fffebe3a000 	C:\windows\SYSTEM32\dbgcore.DLL
0x00007fffdbd90000 - 0x00007fffdbdb6000 	C:\Program Files\Java\jdk-13.0.2\bin\java.dll
0x00007fffde960000 - 0x00007fffde998000 	C:\Program Files\Java\jdk-13.0.2\bin\jdwp.dll
0x00007fffeee90000 - 0x00007fffeee9e000 	C:\Program Files\Java\jdk-13.0.2\bin\instrument.dll
0x00007fffebfe0000 - 0x00007fffebff7000 	C:\Program Files\Java\jdk-13.0.2\bin\zip.dll
0x00007fffebf80000 - 0x00007fffebf8a000 	C:\Program Files\Java\jdk-13.0.2\bin\jimage.dll
0x00007fffff350000 - 0x00007fffffa34000 	C:\windows\System32\SHELL32.dll
0x00007ff8004a0000 - 0x00007ff800549000 	C:\windows\System32\shcore.dll
0x00007ffffe150000 - 0x00007ffffe8ce000 	C:\windows\System32\windows.storage.dll
0x00007ffffded0000 - 0x00007ffffdef3000 	C:\windows\System32\profapi.dll
0x00007ffffde80000 - 0x00007ffffdeca000 	C:\windows\System32\powrprof.dll
0x00007ffffde50000 - 0x00007ffffde60000 	C:\windows\System32\UMPDC.dll
0x00007fffffeb0000 - 0x00007ffffff02000 	C:\windows\System32\shlwapi.dll
0x00007ffffe8d0000 - 0x00007ffffe8e7000 	C:\windows\System32\cryptsp.dll
0x00007fffeee80000 - 0x00007fffeee8b000 	C:\Program Files\Java\jdk-13.0.2\bin\dt_socket.dll
0x00007ffffd6c0000 - 0x00007ffffd727000 	C:\windows\system32\mswsock.dll
0x00007ffffd410000 - 0x00007ffffd4db000 	C:\windows\SYSTEM32\DNSAPI.dll
0x00007ff800000000 - 0x00007ff800008000 	C:\windows\System32\NSI.dll
0x00007ffffd3d0000 - 0x00007ffffd40a000 	C:\windows\SYSTEM32\IPHLPAPI.DLL
0x00007ffff3340000 - 0x00007ffff334a000 	C:\Windows\System32\rasadhlp.dll
0x00007ffff2900000 - 0x00007ffff2977000 	C:\windows\System32\fwpuclnt.dll
0x00007ffffe0c0000 - 0x00007ffffe0e6000 	C:\windows\System32\bcrypt.dll
0x00007fffeb960000 - 0x00007fffeb979000 	C:\Program Files\Java\jdk-13.0.2\bin\net.dll
0x00007ffff6920000 - 0x00007ffff6a10000 	C:\windows\SYSTEM32\WINHTTP.dll
0x00007fffdc030000 - 0x00007fffdc043000 	C:\Program Files\Java\jdk-13.0.2\bin\nio.dll
0x00007fffd6520000 - 0x00007fffd6545000 	C:\Program Files\Java\jdk-13.0.2\bin\sunec.dll
0x00007ffffd230000 - 0x00007ffffd263000 	C:\windows\system32\rsaenh.dll
0x00007ffffdd70000 - 0x00007ffffdd95000 	C:\windows\SYSTEM32\USERENV.dll
0x00007ffffd890000 - 0x00007ffffd89c000 	C:\windows\SYSTEM32\CRYPTBASE.dll
0x00007ffff3e80000 - 0x00007ffff3e96000 	C:\windows\SYSTEM32\dhcpcsvc6.DLL
0x00007ffff3350000 - 0x00007ffff336c000 	C:\windows\SYSTEM32\dhcpcsvc.DLL
0x00007ffff5090000 - 0x00007ffff5099000 	C:\Program Files\Java\jdk-13.0.2\bin\management.dll
0x00007fffeee60000 - 0x00007fffeee6b000 	C:\Program Files\Java\jdk-13.0.2\bin\management_ext.dll
0x00007fffebf70000 - 0x00007fffebf7e000 	C:\Program Files\Java\jdk-13.0.2\bin\sunmscapi.dll
0x00007ffffec90000 - 0x00007ffffedd9000 	C:\windows\System32\CRYPT32.dll
0x00007ffffde60000 - 0x00007ffffde72000 	C:\windows\System32\MSASN1.dll
0x00007ffffd990000 - 0x00007ffffd9b6000 	C:\windows\SYSTEM32\ncrypt.dll
0x00007ffffd950000 - 0x00007ffffd98b000 	C:\windows\SYSTEM32\NTASN1.dll
0x00007fff9cd50000 - 0x00007fff9cd66000 	C:\windows\system32\napinsp.dll
0x00007fff9cb50000 - 0x00007fff9cb6a000 	C:\windows\system32\pnrpnsp.dll
0x00007fff9cd40000 - 0x00007fff9cd4e000 	C:\windows\System32\winrnr.dll
0x00007ffff6620000 - 0x00007ffff663c000 	C:\windows\system32\NLAapi.dll
0x00007ffff6060000 - 0x00007ffff6075000 	C:\windows\system32\wshbth.dll

dbghelp: loaded successfully - version: 4.0.5 - missing functions: none
symbol engine: initialized successfully - sym options: 0x614 - pdb path: .;C:\Program Files\Java\jdk-13.0.2\bin;C:\windows\SYSTEM32;C:\windows\WinSxS\amd64_microsoft.windows.common-controls_6595b64144ccf1df_6.0.18362.836_none_e6c4b943130f18ed;C:\Program Files\Java\jdk-13.0.2\bin\server

VM Arguments:
jvm_args: -agentlib:jdwp=transport=dt_socket,suspend=y,address=localhost:59828 -javaagent:C:\Users\harig\eclipse\java-2020-03\eclipse\configuration\org.eclipse.osgi\223\0\.cp\lib\javaagent-shaded.jar -Dfile.encoding=Cp1252 
java_command: BrowserTest
java_class_path (initial): C:\Users\harig\eclipse-workspace\SeleniumFramework\target\test-classes;C:\Users\harig\eclipse-workspace\SeleniumFramework\target\classes;C:\Users\harig\.m2\repository\org\seleniumhq\selenium\selenium-java\4.0.0-alpha-5\selenium-java-4.0.0-alpha-5.jar;C:\Users\harig\.m2\repository\org\seleniumhq\selenium\selenium-api\4.0.0-alpha-5\selenium-api-4.0.0-alpha-5.jar;C:\Users\harig\.m2\repository\org\seleniumhq\selenium\selenium-edge-driver\4.0.0-alpha-5\selenium-edge-driver-4.0.0-alpha-5.jar;C:\Users\harig\.m2\repository\org\seleniumhq\selenium\selenium-edgehtml-driver\4.0.0-alpha-5\selenium-edgehtml-driver-4.0.0-alpha-5.jar;C:\Users\harig\.m2\repository\org\seleniumhq\selenium\selenium-firefox-driver\4.0.0-alpha-5\selenium-firefox-driver-4.0.0-alpha-5.jar;C:\Users\harig\.m2\repository\org\seleniumhq\selenium\selenium-firefox-xpi-driver\4.0.0-alpha-5\selenium-firefox-xpi-driver-4.0.0-alpha-5.jar;C:\Users\harig\.m2\repository\org\seleniumhq\selenium\selenium-ie-driver\4.0.0-alpha-5\selenium-ie-driver-4.0.0-alpha-5.jar;C:\Users\harig\.m2\repository\org\seleniumhq\selenium\selenium-opera-driver\4.0.0-alpha-5\selenium-opera-driver-4.0.0-alpha-5.jar;C:\Users\harig\.m2\repository\org\seleniumhq\selenium\selenium-remote-driver\4.0.0-alpha-5\selenium-remote-driver-4.0.0-alpha-5.jar;C:\Users\harig\.m2\repository\com\squareup\okhttp3\okhttp\4.4.1\okhttp-4.4.1.jar;C:\Users\harig\.m2\repository\org\jetbrains\kotlin\kotlin-stdlib\1.3.61\kotlin-stdlib-1.3.61.jar;C:\Users\harig\.m2\repository\org\jetbrains\annotations\13.0\annotations-13.0.jar;C:\Users\harig\.m2\repository\com\squareup\okio\okio\2.4.3\okio-2.4.3.jar;C:\Users\harig\.m2\repository\org\jetbrains\kotlin\kotlin-stdlib-common\1.3.61\kotlin-stdlib-common-1.3.61.jar;C:\Users\harig\.m2\repository\com\typesafe\netty\netty-reactive-streams\2.0.4\netty-reactive-streams-2.0.4.jar;C:\Users\harig\.m2\repository\io\netty\netty-handler\4.1.43.Final\netty-handler-4.1.43.Final.jar;C:\Users\harig\.m2\repository
Launcher Type: SUN_STANDARD

[Global flags]
     intx CICompilerCount                          = 4                                         {product} {ergonomic}
     uint ConcGCThreads                            = 2                                         {product} {ergonomic}
     uint G1ConcRefinementThreads                  = 8                                         {product} {ergonomic}
   size_t G1HeapRegionSize                         = 1048576                                   {product} {ergonomic}
    uintx GCDrainStackTargetSize                   = 64                                        {product} {ergonomic}
   size_t InitialHeapSize                          = 199229440                                 {product} {ergonomic}
   size_t MarkStackSize                            = 4194304                                   {product} {ergonomic}
   size_t MaxHeapSize                              = 3158310912                                {product} {ergonomic}
   size_t MaxNewSize                               = 1894776832                                {product} {ergonomic}
   size_t MinHeapDeltaBytes                        = 1048576                                   {product} {ergonomic}
   size_t MinHeapSize                              = 8388608                                   {product} {ergonomic}
    uintx NonNMethodCodeHeapSize                   = 5839372                                {pd product} {ergonomic}
    uintx NonProfiledCodeHeapSize                  = 122909434                              {pd product} {ergonomic}
    uintx ProfiledCodeHeapSize                     = 122909434                              {pd product} {ergonomic}
    uintx ReservedCodeCacheSize                    = 251658240                              {pd product} {ergonomic}
     bool SegmentedCodeCache                       = true                                      {product} {ergonomic}
   size_t SoftMaxHeapSize                          = 3158310912                             {manageable} {ergonomic}
     bool UseCompressedClassPointers               = true                                 {lp64_product} {ergonomic}
     bool UseCompressedOops                        = true                                 {lp64_product} {ergonomic}
     bool UseG1GC                                  = true                                      {product} {ergonomic}
     bool UseLargePagesIndividualAllocation        = false                                  {pd product} {ergonomic}

Logging:
Log output configuration:
 #0: stdout all=warning uptime,level,tags
 #1: stderr all=off uptime,level,tags

Environment Variables:
PATH=C:/Program Files/Java/jdk-13.0.2/bin/server;C:/Program Files/Java/jdk-13.0.2/bin;C:\Program Files (x86)\Common Files\Oracle\Java\javapath;C:\windows\system32;C:\windows;C:\windows\System32\Wbem;C:\windows\System32\WindowsPowerShell\v1.0\;C:\windows\System32\OpenSSH\;C:\Users\harig\AppData\Local\Microsoft\WindowsApps;;C:\Users\harig\OneDrive\Desktop;
USERNAME=harig
OS=Windows_NT
PROCESSOR_IDENTIFIER=Intel64 Family 6 Model 142 Stepping 12, GenuineIntel



---------------  S Y S T E M  ---------------

OS: Windows 10 , 64 bit Build 18362 (10.0.18362.778)

CPU:total 8 (initial active 8) (4 cores per cpu, 2 threads per core) family 6 model 142 stepping 12, cmov, cx8, fxsr, mmx, sse, sse2, sse3, ssse3, sse4.1, sse4.2, popcnt, avx, avx2, aes, clmul, erms, 3dnowpref, lzcnt, ht, tsc, tscinvbit, bmi1, bmi2, adx, fma

Memory: 4k page, system-wide physical 12043M (3953M free)
TotalPageFile size 30756M (AvailPageFile size 4597M)
current process WorkingSet (physical memory assigned to process): 64M, peak: 360M
current process commit charge ("private bytes"): 360M, peak: 459M

vm_info: Java HotSpot(TM) 64-Bit Server VM (13.0.2+8) for windows-amd64 JRE (13.0.2+8), built on Dec 11 2019 09:20:33 by "mach5one" with unknown MS VC++:1916

END.
