#
# A fatal error has been detected by the Java Runtime Environment:
#
#  EXCEPTION_ACCESS_VIOLATION (0xc0000005) at pc=0x00007fffcf6a78f7, pid=5096, tid=17960
#
# JRE version: Java(TM) SE Runtime Environment (13.0.2+8) (build 13.0.2+8)
# Java VM: Java HotSpot(TM) 64-Bit Server VM (13.0.2+8, mixed mode, sharing, tiered, compressed oops, g1 gc, windows-amd64)
# Problematic frame:
# V  [jvm.dll+0x6a78f7]
#
# No core dump will be written. Minidumps are not enabled by default on client versions of Windows
#
# If you would like to submit a bug report, please visit:
#   http://bugreport.java.com/bugreport/crash.jsp
#

---------------  S U M M A R Y ------------

Command Line: -agentlib:jdwp=transport=dt_socket,suspend=y,address=localhost:59655 -javaagent:C:\Users\harig\eclipse\java-2020-03\eclipse\configuration\org.eclipse.osgi\223\0\.cp\lib\javaagent-shaded.jar -Dfile.encoding=Cp1252 BrowserTest

Host: Intel(R) Core(TM) i7-10510U CPU @ 1.80GHz, 8 cores, 11G,  Windows 10 , 64 bit Build 18362 (10.0.18362.778)
Time: Wed Jun 10 21:46:23 2020 India Standard Time elapsed time: 8885 seconds (0d 2h 28m 5s)

---------------  T H R E A D  ---------------

Current thread (0x000001ebd8e16800):  JavaThread "main" [_thread_in_vm, id=17960, stack(0x0000000ab6200000,0x0000000ab6300000)]

Stack: [0x0000000ab6200000,0x0000000ab6300000],  sp=0x0000000ab62ff130,  free space=1020k
Native frames: (J=compiled Java code, j=interpreted, Vv=VM code, C=native code)
V  [jvm.dll+0x6a78f7]
V  [jvm.dll+0x2d2eb0]
V  [jvm.dll+0x37a072]
V  [jvm.dll+0x3796ff]
C  0x000001ebe133e7ae

Java frames: (J=compiled Java code, j=interpreted, Vv=VM code)
j  BrowserTest.main([Ljava/lang/String;)V+80
v  ~StubRoutines::call_stub

siginfo: EXCEPTION_ACCESS_VIOLATION (0xc0000005), reading address 0x0000000000000006


Register to memory mapping:

RIP=0x00007fffcf6a78f7 jvm.dll
RAX=0x0 is NULL
RBX=0x0000000ab62ff180 is pointing into the stack for thread: 0x000001ebd8e16800
RCX=0x0000000ab62ff180 is pointing into the stack for thread: 0x000001ebd8e16800
RDX=0x0 is NULL
RSP=0x0000000ab62ff130 is pointing into the stack for thread: 0x000001ebd8e16800
RBP=0x0000000ab62ff2c0 is pointing into the stack for thread: 0x000001ebd8e16800
RSI=0x000001ebd8e16800 is a thread
RDI=0x000001ebfa5de958 is pointing into metadata
R8 =0x0 is NULL
R9 =0x000001ebfa5de1d0 is pointing into metadata
R10=0x000001ebe1310000 points into unknown readable memory: 06 00 00 00 00 00 00 00
R11=0x000001ebfa5de958 is pointing into metadata
R12=0x000001ebd8e17320 points into unknown readable memory: 00 00 00 00 00 00 00 00
R13=0x00000000000000b9 is an unknown value
R14=0x000001ebd8e17330 points into unknown readable memory: 42 72 6f 77 73 65 72 54
R15=0x0 is NULL


Registers:
RAX=0x0000000000000000, RBX=0x0000000ab62ff180, RCX=0x0000000ab62ff180, RDX=0x0000000000000000
RSP=0x0000000ab62ff130, RBP=0x0000000ab62ff2c0, RSI=0x000001ebd8e16800, RDI=0x000001ebfa5de958
R8 =0x0000000000000000, R9 =0x000001ebfa5de1d0, R10=0x000001ebe1310000, R11=0x000001ebfa5de958
R12=0x000001ebd8e17320, R13=0x00000000000000b9, R14=0x000001ebd8e17330, R15=0x0000000000000000
RIP=0x00007fffcf6a78f7, EFLAGS=0x0000000000010246

Top of Stack: (sp=0x0000000ab62ff130)
0x0000000ab62ff130:   000001ebd8e16800 000001ebfaacd8d0
0x0000000ab62ff140:   000001ebfb3904f8 00007fffcf5fa6b5
0x0000000ab62ff150:   0000000ab62ff210 00007fffcf2d2eb0
0x0000000ab62ff160:   0000000ab62ff2a0 00007fffde98c638
0x0000000ab62ff170:   000001ebd8e16800 000001ebfa181f80
0x0000000ab62ff180:   00007fffcf83f5c0 0000000000000000
0x0000000ab62ff190:   0000000000000000 00007fff00000063
0x0000000ab62ff1a0:   0000000000000000 00007fffde9738df
0x0000000ab62ff1b0:   000001ebd6c65a30 00007fffcf37a072
0x0000000ab62ff1c0:   000001ebd6c65a30 000001ebd8e16800
0x0000000ab62ff1d0:   0000000000000050 000000000000003c
0x0000000ab62ff1e0:   0000000ab62ff360 00007fffcf2145b6
0x0000000ab62ff1f0:   000001ebfa5de958 000001ebd8e16800
0x0000000ab62ff200:   000001ebd8e17708 000001ebfa5de958
0x0000000ab62ff210:   0000000ab62ff508 000001ebe133e752
0x0000000ab62ff220:   000001ebe1318a90 000001eb00000000 

Instructions: (pc=0x00007fffcf6a78f7)
0x00007fffcf6a77f7:   8d 22 00 8d 57 36 48 8d 0d ec 8d 22 00 e8 47 44
0x00007fffcf6a7807:   ba ff e8 e2 d2 f7 ff 8b 43 10 48 8b 53 08 8d 48
0x00007fffcf6a7817:   01 48 98 89 4b 10 80 7c 10 07 29 74 1c 48 8b cb
0x00007fffcf6a7827:   e8 44 07 00 00 01 43 14 48 63 4b 10 48 8b 53 08
0x00007fffcf6a7837:   80 7c 11 06 29 75 e6 eb 04 48 8b 53 08 48 63 c1
0x00007fffcf6a7847:   80 7c 10 06 29 74 25 41 b9 29 00 00 00 4c 8d 05
0x00007fffcf6a7857:   85 8d 22 00 48 8d 0d 8e 8d 22 00 41 8d 51 0d e8
0x00007fffcf6a7867:   e5 43 ba ff e8 80 d2 f7 ff 8b 4b 10 8d 41 01 c7
0x00007fffcf6a7877:   43 14 ff ff ff ff 48 8b cb 89 43 10 e8 e8 06 00
0x00007fffcf6a7887:   00 48 8b 43 08 8b 08 c1 e9 10 39 4b 10 7d 3a 48
0x00007fffcf6a7897:   8b 0d f3 ae 3e 00 48 8d 15 8c 8d 22 00 e8 37 f7
0x00007fffcf6a78a7:   f7 ff 48 8b 15 e0 ae 3e 00 48 8b 4b 08 e8 77 88
0x00007fffcf6a78b7:   04 00 44 8b 43 10 48 8d 15 70 d2 1b 00 48 8b 0d
0x00007fffcf6a78c7:   c5 ae 3e 00 e8 10 f7 f7 ff 89 7b 14 48 8b 5c 24
0x00007fffcf6a78d7:   30 48 83 c4 20 5f c3 cc cc 40 53 48 83 ec 20 48
0x00007fffcf6a78e7:   8b 51 08 33 c0 48 c7 41 10 00 00 00 00 48 8b d9
0x00007fffcf6a78f7:   80 7a 06 28 74 26 44 8d 48 28 4c 8d 05 d8 8c 22
0x00007fffcf6a7907:   00 8d 50 36 48 8d 0d de 8c 22 00 e8 39 43 ba ff
0x00007fffcf6a7917:   e8 d4 d1 f7 ff 8b 43 10 48 8b 53 08 8d 48 01 48
0x00007fffcf6a7927:   98 89 4b 10 80 7c 10 07 29 74 1c 48 8b cb e8 36
0x00007fffcf6a7937:   06 00 00 01 43 14 48 63 4b 10 48 8b 53 08 80 7c
0x00007fffcf6a7947:   11 06 29 75 e6 eb 04 48 8b 53 08 48 63 c1 80 7c
0x00007fffcf6a7957:   10 06 29 74 25 41 b9 29 00 00 00 4c 8d 05 77 8c
0x00007fffcf6a7967:   22 00 48 8d 0d 80 8c 22 00 41 8d 51 0d e8 d7 42
0x00007fffcf6a7977:   ba ff e8 72 d1 f7 ff 8b 4b 10 8d 41 01 c7 43 14
0x00007fffcf6a7987:   00 00 00 00 89 43 10 48 83 c4 20 5b c3 cc cc cc
0x00007fffcf6a7997:   cc cc cc cc cc cc cc cc cc 48 89 5c 24 08 48 89
0x00007fffcf6a79a7:   6c 24 10 48 89 74 24 18 57 48 83 ec 20 33 ed 48
0x00007fffcf6a79b7:   8b fa 89 69 14 48 8b d9 48 8b f2 48 83 fa ff 0f
0x00007fffcf6a79c7:   85 b1 00 00 00 48 8b 51 08 8b c5 89 69 10 80 7a
0x00007fffcf6a79d7:   06 28 74 26 44 8d 4e 29 4c 8d 05 fa 8b 22 00 8d
0x00007fffcf6a79e7:   56 37 48 8d 0d 00 8c 22 00 e8 5b 42 ba ff e8 f6 


Stack slot to memory mapping:
stack at sp + 0 slots: 0x000001ebd8e16800 is a thread
stack at sp + 1 slots: 0x000001ebfaacd8d0 points into unknown readable memory: 30 b9 c1 fa eb 01 00 00
stack at sp + 2 slots: 0x000001ebfb3904f8 points into unknown readable memory: 28 8c 80 fa eb 01 00 00
stack at sp + 3 slots: 0x00007fffcf5fa6b5 jvm.dll
stack at sp + 4 slots: 0x0000000ab62ff210 is pointing into the stack for thread: 0x000001ebd8e16800
stack at sp + 5 slots: 0x00007fffcf2d2eb0 jvm.dll
stack at sp + 6 slots: 0x0000000ab62ff2a0 is pointing into the stack for thread: 0x000001ebd8e16800
stack at sp + 7 slots: 0x00007fffde98c638 jdwp.dll


---------------  P R O C E S S  ---------------

Threads class SMR info:
_java_thread_list=0x000001ebfc95e000, length=20, elements={
0x000001ebd8e16800, 0x000001ebfa9a1800, 0x000001ebfa9a4800, 0x000001ebfa9bf800,
0x000001ebfa9c1800, 0x000001ebfa9c4800, 0x000001ebfa9d3000, 0x000001ebfa9d4800,
0x000001ebfaaf3000, 0x000001ebfaba4000, 0x000001ebfaba8800, 0x000001ebfaba9800,
0x000001ebfb392000, 0x000001ebfe7b4000, 0x000001ebff0e0800, 0x000001ebfebfa000,
0x000001eb80257000, 0x000001eb80255800, 0x000001eb80258000, 0x000001eb80258800
}

Java Threads: ( => current thread )
=>0x000001ebd8e16800 JavaThread "main" [_thread_in_vm, id=17960, stack(0x0000000ab6200000,0x0000000ab6300000)]
  0x000001ebfa9a1800 JavaThread "Reference Handler" daemon [_thread_blocked, id=12064, stack(0x0000000ab6900000,0x0000000ab6a00000)]
  0x000001ebfa9a4800 JavaThread "Finalizer" daemon [_thread_blocked, id=6900, stack(0x0000000ab6a00000,0x0000000ab6b00000)]
  0x000001ebfa9bf800 JavaThread "Signal Dispatcher" daemon [_thread_blocked, id=1632, stack(0x0000000ab6b00000,0x0000000ab6c00000)]
  0x000001ebfa9c1800 JavaThread "Attach Listener" daemon [_thread_blocked, id=7288, stack(0x0000000ab6c00000,0x0000000ab6d00000)]
  0x000001ebfa9c4800 JavaThread "C2 CompilerThread0" daemon [_thread_blocked, id=23032, stack(0x0000000ab6d00000,0x0000000ab6e00000)]
  0x000001ebfa9d3000 JavaThread "C1 CompilerThread0" daemon [_thread_blocked, id=23404, stack(0x0000000ab6e00000,0x0000000ab6f00000)]
  0x000001ebfa9d4800 JavaThread "Sweeper thread" daemon [_thread_blocked, id=21880, stack(0x0000000ab6f00000,0x0000000ab7000000)]
  0x000001ebfaaf3000 JavaThread "Common-Cleaner" daemon [_thread_blocked, id=13948, stack(0x0000000ab7000000,0x0000000ab7100000)]
  0x000001ebfaba4000 JavaThread "JDWP Transport Listener: dt_socket" daemon [_thread_blocked, id=21888, stack(0x0000000ab7100000,0x0000000ab7200000)]
  0x000001ebfaba8800 JavaThread "JDWP Event Helper Thread" daemon [_thread_blocked, id=20868, stack(0x0000000ab7200000,0x0000000ab7300000)]
  0x000001ebfaba9800 JavaThread "JDWP Command Reader" daemon [_thread_in_native, id=17760, stack(0x0000000ab7300000,0x0000000ab7400000)]
  0x000001ebfb392000 JavaThread "Service Thread" daemon [_thread_blocked, id=23440, stack(0x0000000ab7500000,0x0000000ab7600000)]
  0x000001ebfe7b4000 JavaThread "AsyncHttpClient-timer-1-1" [_thread_blocked, id=6732, stack(0x0000000ab7b00000,0x0000000ab7c00000)]
  0x000001ebff0e0800 JavaThread "Exec Default Executor" daemon [_thread_in_native, id=19748, stack(0x0000000ab7c00000,0x0000000ab7d00000)]
  0x000001ebfebfa000 JavaThread "Exec Stream Pumper" daemon [_thread_in_native, id=10372, stack(0x0000000ab7f00000,0x0000000ab8000000)]
  0x000001eb80257000 JavaThread "Exec Stream Pumper" daemon [_thread_in_native, id=21052, stack(0x0000000ab8000000,0x0000000ab8100000)]
  0x000001eb80255800 JavaThread "AsyncHttpClient-3-1" [_thread_in_native, id=22516, stack(0x0000000ab8200000,0x0000000ab8300000)]
  0x000001eb80258000 JavaThread "AsyncHttpClient-3-2" [_thread_in_native, id=22984, stack(0x0000000ab7a00000,0x0000000ab7b00000)]
  0x000001eb80258800 JavaThread "AsyncHttpClient-3-3" [_thread_in_native, id=22616, stack(0x0000000ab8300000,0x0000000ab8400000)]

Other Threads:
  0x000001ebfa99e800 VMThread "VM Thread" [stack: 0x0000000ab6800000,0x0000000ab6900000] [id=17628]
  0x000001ebfacfc000 WatcherThread [stack: 0x0000000ab7600000,0x0000000ab7700000] [id=22040]
  0x000001ebd8e6e000 GCTaskThread "GC Thread#0" [stack: 0x0000000ab6300000,0x0000000ab6400000] [id=17872]
  0x000001ebfbca9800 GCTaskThread "GC Thread#1" [stack: 0x0000000ab7700000,0x0000000ab7800000] [id=14524]
  0x000001ebfc0ac000 GCTaskThread "GC Thread#2" [stack: 0x0000000ab7800000,0x0000000ab7900000] [id=23236]
  0x000001ebfb5d4800 GCTaskThread "GC Thread#3" [stack: 0x0000000ab7900000,0x0000000ab7a00000] [id=23148]
  0x000001ebd8e88800 ConcurrentGCThread "G1 Main Marker" [stack: 0x0000000ab6400000,0x0000000ab6500000] [id=12428]
  0x000001ebd8e8a000 ConcurrentGCThread "G1 Conc#0" [stack: 0x0000000ab6500000,0x0000000ab6600000] [id=10248]
  0x000001ebfa017800 ConcurrentGCThread "G1 Refine#0" [stack: 0x0000000ab6600000,0x0000000ab6700000] [id=19496]
  0x000001ebfa019800 ConcurrentGCThread "G1 Young RemSet Sampling" [stack: 0x0000000ab6700000,0x0000000ab6800000] [id=21312]

Threads with active compile tasks:

VM state:not at safepoint (normal execution)

VM Mutex/Monitor currently owned by a thread: None

Heap address: 0x0000000743c00000, size: 3012 MB, Compressed Oops mode: Zero based, Oop shift amount: 3
Narrow klass base: 0x0000000800000000, Narrow klass shift: 3
Compressed class space size: 1073741824 Address: 0x0000000800b40000

Heap:
 garbage-first heap   total 194560K, used 69104K [0x0000000743c00000, 0x0000000800000000)
  region size 1024K, 50 young (51200K), 7 survivors (7168K)
 Metaspace       used 18860K, capacity 19554K, committed 19712K, reserved 1067008K
  class space    used 2302K, capacity 2539K, committed 2560K, reserved 1048576K
Heap Regions: E=young(eden), S=young(survivor), O=old, HS=humongous(starts), HC=humongous(continues), CS=collection set, F=free, A=archive, TAMS=top-at-mark-start (previous, next)
|   0|0x0000000743c00000, 0x0000000743d00000, 0x0000000743d00000|100%| O|  |TAMS 0x0000000743c00000, 0x0000000743c00000| Untracked 
|   1|0x0000000743d00000, 0x0000000743dc0a00, 0x0000000743e00000| 75%| O|  |TAMS 0x0000000743d00000, 0x0000000743d00000| Untracked 
|   2|0x0000000743e00000, 0x0000000743f00000, 0x0000000743f00000|100%|HS|  |TAMS 0x0000000743e00000, 0x0000000743e00000| Complete 
|   3|0x0000000743f00000, 0x0000000744000000, 0x0000000744000000|100%|HC|  |TAMS 0x0000000743f00000, 0x0000000743f00000| Complete 
|   4|0x0000000744000000, 0x0000000744100000, 0x0000000744100000|100%|HC|  |TAMS 0x0000000744000000, 0x0000000744000000| Complete 
|   5|0x0000000744100000, 0x0000000744200000, 0x0000000744200000|100%|HC|  |TAMS 0x0000000744100000, 0x0000000744100000| Complete 
|   6|0x0000000744200000, 0x0000000744300000, 0x0000000744300000|100%|HC|  |TAMS 0x0000000744200000, 0x0000000744200000| Complete 
|   7|0x0000000744300000, 0x0000000744400000, 0x0000000744400000|100%|HC|  |TAMS 0x0000000744300000, 0x0000000744300000| Complete 
|   8|0x0000000744400000, 0x0000000744500000, 0x0000000744500000|100%|HC|  |TAMS 0x0000000744400000, 0x0000000744400000| Complete 
|   9|0x0000000744500000, 0x0000000744600000, 0x0000000744600000|100%|HC|  |TAMS 0x0000000744500000, 0x0000000744500000| Complete 
|  10|0x0000000744600000, 0x0000000744700000, 0x0000000744700000|100%|HC|  |TAMS 0x0000000744600000, 0x0000000744600000| Complete 
|  11|0x0000000744700000, 0x0000000744800000, 0x0000000744800000|100%|HC|  |TAMS 0x0000000744700000, 0x0000000744700000| Complete 
|  12|0x0000000744800000, 0x0000000744900000, 0x0000000744900000|100%|HC|  |TAMS 0x0000000744800000, 0x0000000744800000| Complete 
|  13|0x0000000744900000, 0x0000000744a00000, 0x0000000744a00000|100%|HC|  |TAMS 0x0000000744900000, 0x0000000744900000| Complete 
|  14|0x0000000744a00000, 0x0000000744b00000, 0x0000000744b00000|100%|HC|  |TAMS 0x0000000744a00000, 0x0000000744a00000| Complete 
|  15|0x0000000744b00000, 0x0000000744c00000, 0x0000000744c00000|100%|HC|  |TAMS 0x0000000744b00000, 0x0000000744b00000| Complete 
|  16|0x0000000744c00000, 0x0000000744d00000, 0x0000000744d00000|100%|HC|  |TAMS 0x0000000744c00000, 0x0000000744c00000| Complete 
|  17|0x0000000744d00000, 0x0000000744e00000, 0x0000000744e00000|100%|HC|  |TAMS 0x0000000744d00000, 0x0000000744d00000| Complete 
|  18|0x0000000744e00000, 0x0000000744f00000, 0x0000000744f00000|100%|HC|  |TAMS 0x0000000744e00000, 0x0000000744e00000| Complete 
|  19|0x0000000744f00000, 0x0000000744f00000, 0x0000000745000000|  0%| F|  |TAMS 0x0000000744f00000, 0x0000000744f00000| Untracked 
|  20|0x0000000745000000, 0x0000000745000000, 0x0000000745100000|  0%| F|  |TAMS 0x0000000745000000, 0x0000000745000000| Untracked 
|  21|0x0000000745100000, 0x0000000745100000, 0x0000000745200000|  0%| F|  |TAMS 0x0000000745100000, 0x0000000745100000| Untracked 
|  22|0x0000000745200000, 0x0000000745200000, 0x0000000745300000|  0%| F|  |TAMS 0x0000000745200000, 0x0000000745200000| Untracked 
|  23|0x0000000745300000, 0x0000000745300000, 0x0000000745400000|  0%| F|  |TAMS 0x0000000745300000, 0x0000000745300000| Untracked 
|  24|0x0000000745400000, 0x0000000745400000, 0x0000000745500000|  0%| F|  |TAMS 0x0000000745400000, 0x0000000745400000| Untracked 
|  25|0x0000000745500000, 0x0000000745500000, 0x0000000745600000|  0%| F|  |TAMS 0x0000000745500000, 0x0000000745500000| Untracked 
|  26|0x0000000745600000, 0x0000000745600000, 0x0000000745700000|  0%| F|  |TAMS 0x0000000745600000, 0x0000000745600000| Untracked 
|  27|0x0000000745700000, 0x0000000745700000, 0x0000000745800000|  0%| F|  |TAMS 0x0000000745700000, 0x0000000745700000| Untracked 
|  28|0x0000000745800000, 0x0000000745800000, 0x0000000745900000|  0%| F|  |TAMS 0x0000000745800000, 0x0000000745800000| Untracked 
|  29|0x0000000745900000, 0x0000000745900000, 0x0000000745a00000|  0%| F|  |TAMS 0x0000000745900000, 0x0000000745900000| Untracked 
|  30|0x0000000745a00000, 0x0000000745a00000, 0x0000000745b00000|  0%| F|  |TAMS 0x0000000745a00000, 0x0000000745a00000| Untracked 
|  31|0x0000000745b00000, 0x0000000745b00000, 0x0000000745c00000|  0%| F|  |TAMS 0x0000000745b00000, 0x0000000745b00000| Untracked 
|  32|0x0000000745c00000, 0x0000000745c00000, 0x0000000745d00000|  0%| F|  |TAMS 0x0000000745c00000, 0x0000000745c00000| Untracked 
|  33|0x0000000745d00000, 0x0000000745d00000, 0x0000000745e00000|  0%| F|  |TAMS 0x0000000745d00000, 0x0000000745d00000| Untracked 
|  34|0x0000000745e00000, 0x0000000745e00000, 0x0000000745f00000|  0%| F|  |TAMS 0x0000000745e00000, 0x0000000745e00000| Untracked 
|  35|0x0000000745f00000, 0x0000000745f00000, 0x0000000746000000|  0%| F|  |TAMS 0x0000000745f00000, 0x0000000745f00000| Untracked 
|  36|0x0000000746000000, 0x0000000746000000, 0x0000000746100000|  0%| F|  |TAMS 0x0000000746000000, 0x0000000746000000| Untracked 
|  37|0x0000000746100000, 0x0000000746100000, 0x0000000746200000|  0%| F|  |TAMS 0x0000000746100000, 0x0000000746100000| Untracked 
|  38|0x0000000746200000, 0x0000000746200000, 0x0000000746300000|  0%| F|  |TAMS 0x0000000746200000, 0x0000000746200000| Untracked 
|  39|0x0000000746300000, 0x0000000746300000, 0x0000000746400000|  0%| F|  |TAMS 0x0000000746300000, 0x0000000746300000| Untracked 
|  40|0x0000000746400000, 0x0000000746400000, 0x0000000746500000|  0%| F|  |TAMS 0x0000000746400000, 0x0000000746400000| Untracked 
|  41|0x0000000746500000, 0x0000000746500000, 0x0000000746600000|  0%| F|  |TAMS 0x0000000746500000, 0x0000000746500000| Untracked 
|  42|0x0000000746600000, 0x0000000746600000, 0x0000000746700000|  0%| F|  |TAMS 0x0000000746600000, 0x0000000746600000| Untracked 
|  43|0x0000000746700000, 0x0000000746700000, 0x0000000746800000|  0%| F|  |TAMS 0x0000000746700000, 0x0000000746700000| Untracked 
|  44|0x0000000746800000, 0x0000000746800000, 0x0000000746900000|  0%| F|  |TAMS 0x0000000746800000, 0x0000000746800000| Untracked 
|  45|0x0000000746900000, 0x0000000746900000, 0x0000000746a00000|  0%| F|  |TAMS 0x0000000746900000, 0x0000000746900000| Untracked 
|  46|0x0000000746a00000, 0x0000000746a00000, 0x0000000746b00000|  0%| F|  |TAMS 0x0000000746a00000, 0x0000000746a00000| Untracked 
|  47|0x0000000746b00000, 0x0000000746b00000, 0x0000000746c00000|  0%| F|  |TAMS 0x0000000746b00000, 0x0000000746b00000| Untracked 
|  48|0x0000000746c00000, 0x0000000746c00000, 0x0000000746d00000|  0%| F|  |TAMS 0x0000000746c00000, 0x0000000746c00000| Untracked 
|  49|0x0000000746d00000, 0x0000000746d00000, 0x0000000746e00000|  0%| F|  |TAMS 0x0000000746d00000, 0x0000000746d00000| Untracked 
|  50|0x0000000746e00000, 0x0000000746e00000, 0x0000000746f00000|  0%| F|  |TAMS 0x0000000746e00000, 0x0000000746e00000| Untracked 
|  51|0x0000000746f00000, 0x0000000746f00000, 0x0000000747000000|  0%| F|  |TAMS 0x0000000746f00000, 0x0000000746f00000| Untracked 
|  52|0x0000000747000000, 0x0000000747000000, 0x0000000747100000|  0%| F|  |TAMS 0x0000000747000000, 0x0000000747000000| Untracked 
|  53|0x0000000747100000, 0x0000000747100000, 0x0000000747200000|  0%| F|  |TAMS 0x0000000747100000, 0x0000000747100000| Untracked 
|  54|0x0000000747200000, 0x0000000747200000, 0x0000000747300000|  0%| F|  |TAMS 0x0000000747200000, 0x0000000747200000| Untracked 
|  55|0x0000000747300000, 0x0000000747300000, 0x0000000747400000|  0%| F|  |TAMS 0x0000000747300000, 0x0000000747300000| Untracked 
|  56|0x0000000747400000, 0x0000000747400000, 0x0000000747500000|  0%| F|  |TAMS 0x0000000747400000, 0x0000000747400000| Untracked 
|  57|0x0000000747500000, 0x0000000747500000, 0x0000000747600000|  0%| F|  |TAMS 0x0000000747500000, 0x0000000747500000| Untracked 
|  58|0x0000000747600000, 0x0000000747600000, 0x0000000747700000|  0%| F|  |TAMS 0x0000000747600000, 0x0000000747600000| Untracked 
|  59|0x0000000747700000, 0x0000000747700000, 0x0000000747800000|  0%| F|  |TAMS 0x0000000747700000, 0x0000000747700000| Untracked 
|  60|0x0000000747800000, 0x0000000747800000, 0x0000000747900000|  0%| F|  |TAMS 0x0000000747800000, 0x0000000747800000| Untracked 
|  61|0x0000000747900000, 0x0000000747900000, 0x0000000747a00000|  0%| F|  |TAMS 0x0000000747900000, 0x0000000747900000| Untracked 
|  62|0x0000000747a00000, 0x0000000747a00000, 0x0000000747b00000|  0%| F|  |TAMS 0x0000000747a00000, 0x0000000747a00000| Untracked 
|  63|0x0000000747b00000, 0x0000000747b00000, 0x0000000747c00000|  0%| F|  |TAMS 0x0000000747b00000, 0x0000000747b00000| Untracked 
|  64|0x0000000747c00000, 0x0000000747c00000, 0x0000000747d00000|  0%| F|  |TAMS 0x0000000747c00000, 0x0000000747c00000| Untracked 
|  65|0x0000000747d00000, 0x0000000747d00000, 0x0000000747e00000|  0%| F|  |TAMS 0x0000000747d00000, 0x0000000747d00000| Untracked 
|  66|0x0000000747e00000, 0x0000000747e00000, 0x0000000747f00000|  0%| F|  |TAMS 0x0000000747e00000, 0x0000000747e00000| Untracked 
|  67|0x0000000747f00000, 0x0000000747f00000, 0x0000000748000000|  0%| F|  |TAMS 0x0000000747f00000, 0x0000000747f00000| Untracked 
|  68|0x0000000748000000, 0x0000000748000000, 0x0000000748100000|  0%| F|  |TAMS 0x0000000748000000, 0x0000000748000000| Untracked 
|  69|0x0000000748100000, 0x00000007481bb740, 0x0000000748200000| 73%| S|CS|TAMS 0x0000000748100000, 0x0000000748100000| Complete 
|  70|0x0000000748200000, 0x0000000748300000, 0x0000000748300000|100%| S|CS|TAMS 0x0000000748200000, 0x0000000748200000| Complete 
|  71|0x0000000748300000, 0x0000000748400000, 0x0000000748400000|100%| S|CS|TAMS 0x0000000748300000, 0x0000000748300000| Complete 
|  72|0x0000000748400000, 0x0000000748500000, 0x0000000748500000|100%| S|CS|TAMS 0x0000000748400000, 0x0000000748400000| Complete 
|  73|0x0000000748500000, 0x0000000748600000, 0x0000000748600000|100%| S|CS|TAMS 0x0000000748500000, 0x0000000748500000| Complete 
|  74|0x0000000748600000, 0x0000000748700000, 0x0000000748700000|100%| S|CS|TAMS 0x0000000748600000, 0x0000000748600000| Complete 
|  75|0x0000000748700000, 0x0000000748800000, 0x0000000748800000|100%| S|CS|TAMS 0x0000000748700000, 0x0000000748700000| Complete 
|  76|0x0000000748800000, 0x0000000748800000, 0x0000000748900000|  0%| F|  |TAMS 0x0000000748800000, 0x0000000748800000| Untracked 
|  77|0x0000000748900000, 0x0000000748900000, 0x0000000748a00000|  0%| F|  |TAMS 0x0000000748900000, 0x0000000748900000| Untracked 
|  78|0x0000000748a00000, 0x0000000748a00000, 0x0000000748b00000|  0%| F|  |TAMS 0x0000000748a00000, 0x0000000748a00000| Untracked 
|  79|0x0000000748b00000, 0x0000000748b00000, 0x0000000748c00000|  0%| F|  |TAMS 0x0000000748b00000, 0x0000000748b00000| Untracked 
|  80|0x0000000748c00000, 0x0000000748c00000, 0x0000000748d00000|  0%| F|  |TAMS 0x0000000748c00000, 0x0000000748c00000| Untracked 
|  81|0x0000000748d00000, 0x0000000748d00000, 0x0000000748e00000|  0%| F|  |TAMS 0x0000000748d00000, 0x0000000748d00000| Untracked 
|  82|0x0000000748e00000, 0x0000000748e00000, 0x0000000748f00000|  0%| F|  |TAMS 0x0000000748e00000, 0x0000000748e00000| Untracked 
|  83|0x0000000748f00000, 0x0000000748f00000, 0x0000000749000000|  0%| F|  |TAMS 0x0000000748f00000, 0x0000000748f00000| Untracked 
|  84|0x0000000749000000, 0x0000000749000000, 0x0000000749100000|  0%| F|  |TAMS 0x0000000749000000, 0x0000000749000000| Untracked 
|  85|0x0000000749100000, 0x0000000749100000, 0x0000000749200000|  0%| F|  |TAMS 0x0000000749100000, 0x0000000749100000| Untracked 
|  86|0x0000000749200000, 0x0000000749200000, 0x0000000749300000|  0%| F|  |TAMS 0x0000000749200000, 0x0000000749200000| Untracked 
|  87|0x0000000749300000, 0x0000000749300000, 0x0000000749400000|  0%| F|  |TAMS 0x0000000749300000, 0x0000000749300000| Untracked 
|  88|0x0000000749400000, 0x0000000749400000, 0x0000000749500000|  0%| F|  |TAMS 0x0000000749400000, 0x0000000749400000| Untracked 
|  89|0x0000000749500000, 0x0000000749500000, 0x0000000749600000|  0%| F|  |TAMS 0x0000000749500000, 0x0000000749500000| Untracked 
|  90|0x0000000749600000, 0x0000000749600000, 0x0000000749700000|  0%| F|  |TAMS 0x0000000749600000, 0x0000000749600000| Untracked 
|  91|0x0000000749700000, 0x0000000749700000, 0x0000000749800000|  0%| F|  |TAMS 0x0000000749700000, 0x0000000749700000| Untracked 
|  92|0x0000000749800000, 0x0000000749800000, 0x0000000749900000|  0%| F|  |TAMS 0x0000000749800000, 0x0000000749800000| Untracked 
|  93|0x0000000749900000, 0x0000000749900000, 0x0000000749a00000|  0%| F|  |TAMS 0x0000000749900000, 0x0000000749900000| Untracked 
|  94|0x0000000749a00000, 0x0000000749a00000, 0x0000000749b00000|  0%| F|  |TAMS 0x0000000749a00000, 0x0000000749a00000| Untracked 
|  95|0x0000000749b00000, 0x0000000749b00000, 0x0000000749c00000|  0%| F|  |TAMS 0x0000000749b00000, 0x0000000749b00000| Untracked 
|  96|0x0000000749c00000, 0x0000000749c00000, 0x0000000749d00000|  0%| F|  |TAMS 0x0000000749c00000, 0x0000000749c00000| Untracked 
|  97|0x0000000749d00000, 0x0000000749d00000, 0x0000000749e00000|  0%| F|  |TAMS 0x0000000749d00000, 0x0000000749d00000| Untracked 
|  98|0x0000000749e00000, 0x0000000749e00000, 0x0000000749f00000|  0%| F|  |TAMS 0x0000000749e00000, 0x0000000749e00000| Untracked 
|  99|0x0000000749f00000, 0x0000000749f00000, 0x000000074a000000|  0%| F|  |TAMS 0x0000000749f00000, 0x0000000749f00000| Untracked 
| 100|0x000000074a000000, 0x000000074a000000, 0x000000074a100000|  0%| F|  |TAMS 0x000000074a000000, 0x000000074a000000| Untracked 
| 101|0x000000074a100000, 0x000000074a100000, 0x000000074a200000|  0%| F|  |TAMS 0x000000074a100000, 0x000000074a100000| Untracked 
| 102|0x000000074a200000, 0x000000074a200000, 0x000000074a300000|  0%| F|  |TAMS 0x000000074a200000, 0x000000074a200000| Untracked 
| 103|0x000000074a300000, 0x000000074a300000, 0x000000074a400000|  0%| F|  |TAMS 0x000000074a300000, 0x000000074a300000| Untracked 
| 104|0x000000074a400000, 0x000000074a400000, 0x000000074a500000|  0%| F|  |TAMS 0x000000074a400000, 0x000000074a400000| Untracked 
| 105|0x000000074a500000, 0x000000074a500000, 0x000000074a600000|  0%| F|  |TAMS 0x000000074a500000, 0x000000074a500000| Untracked 
| 106|0x000000074a600000, 0x000000074a600000, 0x000000074a700000|  0%| F|  |TAMS 0x000000074a600000, 0x000000074a600000| Untracked 
| 107|0x000000074a700000, 0x000000074a700000, 0x000000074a800000|  0%| F|  |TAMS 0x000000074a700000, 0x000000074a700000| Untracked 
| 108|0x000000074a800000, 0x000000074a800000, 0x000000074a900000|  0%| F|  |TAMS 0x000000074a800000, 0x000000074a800000| Untracked 
| 109|0x000000074a900000, 0x000000074a900000, 0x000000074aa00000|  0%| F|  |TAMS 0x000000074a900000, 0x000000074a900000| Untracked 
| 110|0x000000074aa00000, 0x000000074aa00000, 0x000000074ab00000|  0%| F|  |TAMS 0x000000074aa00000, 0x000000074aa00000| Untracked 
| 111|0x000000074ab00000, 0x000000074ab00000, 0x000000074ac00000|  0%| F|  |TAMS 0x000000074ab00000, 0x000000074ab00000| Untracked 
| 112|0x000000074ac00000, 0x000000074ac00000, 0x000000074ad00000|  0%| F|  |TAMS 0x000000074ac00000, 0x000000074ac00000| Untracked 
| 113|0x000000074ad00000, 0x000000074ad00000, 0x000000074ae00000|  0%| F|  |TAMS 0x000000074ad00000, 0x000000074ad00000| Untracked 
| 114|0x000000074ae00000, 0x000000074ae00000, 0x000000074af00000|  0%| F|  |TAMS 0x000000074ae00000, 0x000000074ae00000| Untracked 
| 115|0x000000074af00000, 0x000000074af00000, 0x000000074b000000|  0%| F|  |TAMS 0x000000074af00000, 0x000000074af00000| Untracked 
| 116|0x000000074b000000, 0x000000074b000000, 0x000000074b100000|  0%| F|  |TAMS 0x000000074b000000, 0x000000074b000000| Untracked 
| 117|0x000000074b100000, 0x000000074b100000, 0x000000074b200000|  0%| F|  |TAMS 0x000000074b100000, 0x000000074b100000| Untracked 
| 118|0x000000074b200000, 0x000000074b200000, 0x000000074b300000|  0%| F|  |TAMS 0x000000074b200000, 0x000000074b200000| Untracked 
| 119|0x000000074b300000, 0x000000074b300000, 0x000000074b400000|  0%| F|  |TAMS 0x000000074b300000, 0x000000074b300000| Untracked 
| 120|0x000000074b400000, 0x000000074b400000, 0x000000074b500000|  0%| F|  |TAMS 0x000000074b400000, 0x000000074b400000| Untracked 
| 121|0x000000074b500000, 0x000000074b500000, 0x000000074b600000|  0%| F|  |TAMS 0x000000074b500000, 0x000000074b500000| Untracked 
| 122|0x000000074b600000, 0x000000074b600000, 0x000000074b700000|  0%| F|  |TAMS 0x000000074b600000, 0x000000074b600000| Untracked 
| 123|0x000000074b700000, 0x000000074b700000, 0x000000074b800000|  0%| F|  |TAMS 0x000000074b700000, 0x000000074b700000| Untracked 
| 124|0x000000074b800000, 0x000000074b800000, 0x000000074b900000|  0%| F|  |TAMS 0x000000074b800000, 0x000000074b800000| Untracked 
| 125|0x000000074b900000, 0x000000074b900000, 0x000000074ba00000|  0%| F|  |TAMS 0x000000074b900000, 0x000000074b900000| Untracked 
| 126|0x000000074ba00000, 0x000000074ba00000, 0x000000074bb00000|  0%| F|  |TAMS 0x000000074ba00000, 0x000000074ba00000| Untracked 
| 127|0x000000074bb00000, 0x000000074bb00000, 0x000000074bc00000|  0%| F|  |TAMS 0x000000074bb00000, 0x000000074bb00000| Untracked 
| 128|0x000000074bc00000, 0x000000074bc00000, 0x000000074bd00000|  0%| F|  |TAMS 0x000000074bc00000, 0x000000074bc00000| Untracked 
| 129|0x000000074bd00000, 0x000000074bd00000, 0x000000074be00000|  0%| F|  |TAMS 0x000000074bd00000, 0x000000074bd00000| Untracked 
| 130|0x000000074be00000, 0x000000074be00000, 0x000000074bf00000|  0%| F|  |TAMS 0x000000074be00000, 0x000000074be00000| Untracked 
| 131|0x000000074bf00000, 0x000000074bf00000, 0x000000074c000000|  0%| F|  |TAMS 0x000000074bf00000, 0x000000074bf00000| Untracked 
| 132|0x000000074c000000, 0x000000074c000000, 0x000000074c100000|  0%| F|  |TAMS 0x000000074c000000, 0x000000074c000000| Untracked 
| 133|0x000000074c100000, 0x000000074c100000, 0x000000074c200000|  0%| F|  |TAMS 0x000000074c100000, 0x000000074c100000| Untracked 
| 134|0x000000074c200000, 0x000000074c200000, 0x000000074c300000|  0%| F|  |TAMS 0x000000074c200000, 0x000000074c200000| Untracked 
| 135|0x000000074c300000, 0x000000074c300000, 0x000000074c400000|  0%| F|  |TAMS 0x000000074c300000, 0x000000074c300000| Untracked 
| 136|0x000000074c400000, 0x000000074c400000, 0x000000074c500000|  0%| F|  |TAMS 0x000000074c400000, 0x000000074c400000| Untracked 
| 137|0x000000074c500000, 0x000000074c500000, 0x000000074c600000|  0%| F|  |TAMS 0x000000074c500000, 0x000000074c500000| Untracked 
| 138|0x000000074c600000, 0x000000074c600000, 0x000000074c700000|  0%| F|  |TAMS 0x000000074c600000, 0x000000074c600000| Untracked 
| 139|0x000000074c700000, 0x000000074c700000, 0x000000074c800000|  0%| F|  |TAMS 0x000000074c700000, 0x000000074c700000| Untracked 
| 140|0x000000074c800000, 0x000000074c800000, 0x000000074c900000|  0%| F|  |TAMS 0x000000074c800000, 0x000000074c800000| Untracked 
| 141|0x000000074c900000, 0x000000074c900000, 0x000000074ca00000|  0%| F|  |TAMS 0x000000074c900000, 0x000000074c900000| Untracked 
| 142|0x000000074ca00000, 0x000000074ca00000, 0x000000074cb00000|  0%| F|  |TAMS 0x000000074ca00000, 0x000000074ca00000| Untracked 
| 143|0x000000074cb00000, 0x000000074cb00000, 0x000000074cc00000|  0%| F|  |TAMS 0x000000074cb00000, 0x000000074cb00000| Untracked 
| 144|0x000000074cc00000, 0x000000074cc00000, 0x000000074cd00000|  0%| F|  |TAMS 0x000000074cc00000, 0x000000074cc00000| Untracked 
| 145|0x000000074cd00000, 0x000000074cd00000, 0x000000074ce00000|  0%| F|  |TAMS 0x000000074cd00000, 0x000000074cd00000| Untracked 
| 146|0x000000074ce00000, 0x000000074ce00000, 0x000000074cf00000|  0%| F|  |TAMS 0x000000074ce00000, 0x000000074ce00000| Untracked 
| 147|0x000000074cf00000, 0x000000074cfbe350, 0x000000074d000000| 74%| E|  |TAMS 0x000000074cf00000, 0x000000074cf00000| Complete 
| 148|0x000000074d000000, 0x000000074d100000, 0x000000074d100000|100%| E|CS|TAMS 0x000000074d000000, 0x000000074d000000| Complete 
| 149|0x000000074d100000, 0x000000074d200000, 0x000000074d200000|100%| E|CS|TAMS 0x000000074d100000, 0x000000074d100000| Complete 
| 150|0x000000074d200000, 0x000000074d300000, 0x000000074d300000|100%| E|CS|TAMS 0x000000074d200000, 0x000000074d200000| Complete 
| 151|0x000000074d300000, 0x000000074d400000, 0x000000074d400000|100%| E|CS|TAMS 0x000000074d300000, 0x000000074d300000| Complete 
| 152|0x000000074d400000, 0x000000074d500000, 0x000000074d500000|100%| E|CS|TAMS 0x000000074d400000, 0x000000074d400000| Complete 
| 153|0x000000074d500000, 0x000000074d600000, 0x000000074d600000|100%| E|CS|TAMS 0x000000074d500000, 0x000000074d500000| Complete 
| 154|0x000000074d600000, 0x000000074d700000, 0x000000074d700000|100%| E|CS|TAMS 0x000000074d600000, 0x000000074d600000| Complete 
| 155|0x000000074d700000, 0x000000074d800000, 0x000000074d800000|100%| E|CS|TAMS 0x000000074d700000, 0x000000074d700000| Complete 
| 156|0x000000074d800000, 0x000000074d900000, 0x000000074d900000|100%| E|CS|TAMS 0x000000074d800000, 0x000000074d800000| Complete 
| 157|0x000000074d900000, 0x000000074da00000, 0x000000074da00000|100%| E|CS|TAMS 0x000000074d900000, 0x000000074d900000| Complete 
| 158|0x000000074da00000, 0x000000074db00000, 0x000000074db00000|100%| E|CS|TAMS 0x000000074da00000, 0x000000074da00000| Complete 
| 159|0x000000074db00000, 0x000000074dc00000, 0x000000074dc00000|100%| E|CS|TAMS 0x000000074db00000, 0x000000074db00000| Complete 
| 160|0x000000074dc00000, 0x000000074dd00000, 0x000000074dd00000|100%| E|CS|TAMS 0x000000074dc00000, 0x000000074dc00000| Complete 
| 161|0x000000074dd00000, 0x000000074de00000, 0x000000074de00000|100%| E|CS|TAMS 0x000000074dd00000, 0x000000074dd00000| Complete 
| 162|0x000000074de00000, 0x000000074df00000, 0x000000074df00000|100%| E|CS|TAMS 0x000000074de00000, 0x000000074de00000| Complete 
| 163|0x000000074df00000, 0x000000074e000000, 0x000000074e000000|100%| E|CS|TAMS 0x000000074df00000, 0x000000074df00000| Complete 
| 164|0x000000074e000000, 0x000000074e100000, 0x000000074e100000|100%| E|CS|TAMS 0x000000074e000000, 0x000000074e000000| Complete 
| 165|0x000000074e100000, 0x000000074e200000, 0x000000074e200000|100%| E|CS|TAMS 0x000000074e100000, 0x000000074e100000| Complete 
| 166|0x000000074e200000, 0x000000074e300000, 0x000000074e300000|100%| E|CS|TAMS 0x000000074e200000, 0x000000074e200000| Complete 
| 167|0x000000074e300000, 0x000000074e400000, 0x000000074e400000|100%| E|CS|TAMS 0x000000074e300000, 0x000000074e300000| Complete 
| 168|0x000000074e400000, 0x000000074e500000, 0x000000074e500000|100%| E|CS|TAMS 0x000000074e400000, 0x000000074e400000| Complete 
| 169|0x000000074e500000, 0x000000074e600000, 0x000000074e600000|100%| E|CS|TAMS 0x000000074e500000, 0x000000074e500000| Complete 
| 170|0x000000074e600000, 0x000000074e700000, 0x000000074e700000|100%| E|CS|TAMS 0x000000074e600000, 0x000000074e600000| Complete 
| 171|0x000000074e700000, 0x000000074e800000, 0x000000074e800000|100%| E|CS|TAMS 0x000000074e700000, 0x000000074e700000| Complete 
| 172|0x000000074e800000, 0x000000074e900000, 0x000000074e900000|100%| E|CS|TAMS 0x000000074e800000, 0x000000074e800000| Complete 
| 173|0x000000074e900000, 0x000000074ea00000, 0x000000074ea00000|100%| E|CS|TAMS 0x000000074e900000, 0x000000074e900000| Complete 
| 174|0x000000074ea00000, 0x000000074eb00000, 0x000000074eb00000|100%| E|CS|TAMS 0x000000074ea00000, 0x000000074ea00000| Complete 
| 175|0x000000074eb00000, 0x000000074ec00000, 0x000000074ec00000|100%| E|CS|TAMS 0x000000074eb00000, 0x000000074eb00000| Complete 
| 176|0x000000074ec00000, 0x000000074ed00000, 0x000000074ed00000|100%| E|CS|TAMS 0x000000074ec00000, 0x000000074ec00000| Complete 
| 177|0x000000074ed00000, 0x000000074ee00000, 0x000000074ee00000|100%| E|CS|TAMS 0x000000074ed00000, 0x000000074ed00000| Complete 
| 178|0x000000074ee00000, 0x000000074ef00000, 0x000000074ef00000|100%| E|CS|TAMS 0x000000074ee00000, 0x000000074ee00000| Complete 
| 179|0x000000074ef00000, 0x000000074f000000, 0x000000074f000000|100%| E|CS|TAMS 0x000000074ef00000, 0x000000074ef00000| Complete 
| 180|0x000000074f000000, 0x000000074f100000, 0x000000074f100000|100%| E|CS|TAMS 0x000000074f000000, 0x000000074f000000| Complete 
| 181|0x000000074f100000, 0x000000074f200000, 0x000000074f200000|100%| E|CS|TAMS 0x000000074f100000, 0x000000074f100000| Complete 
| 182|0x000000074f200000, 0x000000074f300000, 0x000000074f300000|100%| E|CS|TAMS 0x000000074f200000, 0x000000074f200000| Complete 
| 183|0x000000074f300000, 0x000000074f400000, 0x000000074f400000|100%| E|CS|TAMS 0x000000074f300000, 0x000000074f300000| Complete 
| 184|0x000000074f400000, 0x000000074f500000, 0x000000074f500000|100%| E|CS|TAMS 0x000000074f400000, 0x000000074f400000| Complete 
| 185|0x000000074f500000, 0x000000074f600000, 0x000000074f600000|100%| E|CS|TAMS 0x000000074f500000, 0x000000074f500000| Complete 
| 186|0x000000074f600000, 0x000000074f700000, 0x000000074f700000|100%| E|CS|TAMS 0x000000074f600000, 0x000000074f600000| Complete 
| 187|0x000000074f700000, 0x000000074f800000, 0x000000074f800000|100%| E|CS|TAMS 0x000000074f700000, 0x000000074f700000| Complete 
| 188|0x000000074f800000, 0x000000074f900000, 0x000000074f900000|100%| E|CS|TAMS 0x000000074f800000, 0x000000074f800000| Complete 
| 189|0x000000074f900000, 0x000000074fa00000, 0x000000074fa00000|100%| E|CS|TAMS 0x000000074f900000, 0x000000074f900000| Complete 

Card table byte_map: [0x000001ebf0c40000,0x000001ebf1230000] _byte_map_base: 0x000001ebed222000

Marking Bits (Prev, Next): (CMBitMap*) 0x000001ebd8e6fd88, (CMBitMap*) 0x000001ebd8e6fdc8
 Prev Bits: [0x000001ebf1820000, 0x000001ebf4730000)
 Next Bits: [0x000001ebf4730000, 0x000001ebf7640000)

Polling page: 0x000001ebd6d60000

Metaspace:

Usage:
  Non-class:     16.62 MB capacity,    16.17 MB ( 97%) used,   397.43 KB (  2%) free+waste,    59.94 KB ( <1%) overhead. 
      Class:      2.48 MB capacity,     2.25 MB ( 91%) used,   207.18 KB (  8%) free+waste,    29.38 KB (  1%) overhead. 
       Both:     19.10 MB capacity,    18.42 MB ( 96%) used,   604.61 KB (  3%) free+waste,    89.31 KB ( <1%) overhead. 

Virtual space:
  Non-class space:       18.00 MB reserved,      16.75 MB ( 93%) committed 
      Class space:        1.00 GB reserved,       2.50 MB ( <1%) committed 
             Both:        1.02 GB reserved,      19.25 MB (  2%) committed 

Chunk freelists:
   Non-Class:  9.00 KB
       Class:  21.00 KB
        Both:  30.00 KB

MaxMetaspaceSize: 17179869184.00 GB
CompressedClassSpaceSize: 1.00 GB

CodeHeap 'non-profiled nmethods': size=120000Kb used=1652Kb max_used=1871Kb free=118347Kb
 bounds [0x000001ebe8de0000, 0x000001ebe9050000, 0x000001ebf0310000]
CodeHeap 'profiled nmethods': size=120000Kb used=3569Kb max_used=4980Kb free=116430Kb
 bounds [0x000001ebe18b0000, 0x000001ebe1d90000, 0x000001ebe8de0000]
CodeHeap 'non-nmethods': size=5760Kb used=1348Kb max_used=1431Kb free=4411Kb
 bounds [0x000001ebe1310000, 0x000001ebe1580000, 0x000001ebe18b0000]
 total_blobs=3699 nmethods=1867 adapters=444
 compilation: enabled
              stopped_count=0, restarted_count=0
 full_count=0

Compilation events (20 events):
Event: 5004.338 Thread 0x000001ebfa9c4800 2228       4       io.netty.util.HashedWheelTimer$HashedWheelBucket::expireTimeouts (115 bytes)
Event: 5004.349 Thread 0x000001ebfa9c4800 nmethod 2228 0x000001ebe8e0b390 code [0x000001ebe8e0b540, 0x000001ebe8e0be48]
Event: 5901.923 Thread 0x000001ebfa9c4800 2229       4       java.util.concurrent.ConcurrentHashMap$ValueIterator::next (34 bytes)
Event: 5901.938 Thread 0x000001ebfa9c4800 nmethod 2229 0x000001ebe8e1ac10 code [0x000001ebe8e1ada0, 0x000001ebe8e1b218]
Event: 5993.461 Thread 0x000001ebfa9d3000 2230   !   3       jdk.internal.ref.PhantomCleanable::isListEmpty (34 bytes)
Event: 5993.462 Thread 0x000001ebfa9d3000 nmethod 2230 0x000001ebe1aa3690 code [0x000001ebe1aa3840, 0x000001ebe1aa3bf8]
Event: 5993.462 Thread 0x000001ebfa9d3000 2231       3       jdk.internal.misc.InnocuousThread::eraseThreadLocals (23 bytes)
Event: 5993.462 Thread 0x000001ebfa9d3000 nmethod 2231 0x000001ebe199c710 code [0x000001ebe199c8c0, 0x000001ebe199cb38]
Event: 6042.924 Thread 0x000001ebfa9d3000 2232 %     3       io.netty.util.HashedWheelTimer$Worker::run @ 42 (204 bytes)
Event: 6042.928 Thread 0x000001ebfa9d3000 nmethod 2232% 0x000001ebe196db10 code [0x000001ebe196de20, 0x000001ebe196ef50]
Event: 6145.323 Thread 0x000001ebfa9d3000 2233       3       io.netty.util.HashedWheelTimer$Worker::run (204 bytes)
Event: 6145.325 Thread 0x000001ebfa9d3000 nmethod 2233 0x000001ebe18b0a10 code [0x000001ebe18b0d00, 0x000001ebe18b1d50]
Event: 6591.323 Thread 0x000001ebfa9c4800 2234       4       java.util.concurrent.ConcurrentLinkedDeque::first (65 bytes)
Event: 6591.326 Thread 0x000001ebfa9c4800 nmethod 2234 0x000001ebe8defb90 code [0x000001ebe8defd20, 0x000001ebe8defdf8]
Event: 6619.923 Thread 0x000001ebfa9c4800 2235       4       java.util.concurrent.ConcurrentLinkedDeque$AbstractItr::advance (80 bytes)
Event: 6619.937 Thread 0x000001ebfa9c4800 nmethod 2235 0x000001ebe8e21c90 code [0x000001ebe8e21e40, 0x000001ebe8e221e8]
Event: 6676.023 Thread 0x000001ebfa9c4800 2236       4       org.asynchttpclient.netty.channel.DefaultChannelPool$IdleChannelDetector::expiredChannels (176 bytes)
Event: 6676.044 Thread 0x000001ebfa9c4800 nmethod 2236 0x000001ebe8df5690 code [0x000001ebe8df5840, 0x000001ebe8df5c88]
Event: 6746.423 Thread 0x000001ebfa9c4800 2237       4       org.asynchttpclient.netty.channel.DefaultChannelPool$IdleChannelDetector::closeChannels (141 bytes)
Event: 6746.425 Thread 0x000001ebfa9c4800 nmethod 2237 0x000001ebe8de8610 code [0x000001ebe8de87a0, 0x000001ebe8de8878]

GC Heap History (4 events):
Event: 0.604 GC heap before
{Heap before GC invocations=0 (full 0):
 garbage-first heap   total 194560K, used 23552K [0x0000000743c00000, 0x0000000800000000)
  region size 1024K, 24 young (24576K), 0 survivors (0K)
 Metaspace       used 4378K, capacity 5646K, committed 5760K, reserved 1056768K
  class space    used 401K, capacity 535K, committed 640K, reserved 1048576K
}
Event: 0.609 GC heap after
{Heap after GC invocations=1 (full 0):
 garbage-first heap   total 194560K, used 4866K [0x0000000743c00000, 0x0000000800000000)
  region size 1024K, 3 young (3072K), 3 survivors (3072K)
 Metaspace       used 4378K, capacity 5646K, committed 5760K, reserved 1056768K
  class space    used 401K, capacity 535K, committed 640K, reserved 1048576K
}
Event: 2.543 GC heap before
{Heap before GC invocations=1 (full 0):
 garbage-first heap   total 194560K, used 118530K [0x0000000743c00000, 0x0000000800000000)
  region size 1024K, 114 young (116736K), 3 survivors (3072K)
 Metaspace       used 15297K, capacity 15896K, committed 16128K, reserved 1062912K
  class space    used 1822K, capacity 2020K, committed 2048K, reserved 1048576K
}
Event: 2.550 GC heap after
{Heap after GC invocations=2 (full 0):
 garbage-first heap   total 194560K, used 8688K [0x0000000743c00000, 0x0000000800000000)
  region size 1024K, 7 young (7168K), 7 survivors (7168K)
 Metaspace       used 15297K, capacity 15896K, committed 16128K, reserved 1062912K
  class space    used 1822K, capacity 2020K, committed 2048K, reserved 1048576K
}

Deoptimization events (20 events):
Event: 2.870 Thread 0x000001ebd8e16800 DEOPT PACKING pc=0x000001ebe8e1b064 sp=0x0000000ab62fc7e0
Event: 2.870 Thread 0x000001ebd8e16800 DEOPT UNPACKING pc=0x000001ebe135912f sp=0x0000000ab62fc798 mode 2
Event: 2.870 Thread 0x000001ebd8e16800 Uncommon trap: trap_request=0xffffffde fr.pc=0x000001ebe8e43940 relative=0x0000000000001000
Event: 2.870 Thread 0x000001ebd8e16800 Uncommon trap: reason=class_check action=maybe_recompile pc=0x000001ebe8e43940 method=java.util.HashMap.putVal(ILjava/lang/Object;Ljava/lang/Object;ZZ)Ljava/lang/Object; @ 91 c2
Event: 2.870 Thread 0x000001ebd8e16800 DEOPT PACKING pc=0x000001ebe8e43940 sp=0x0000000ab62fc7c0
Event: 2.870 Thread 0x000001ebd8e16800 DEOPT UNPACKING pc=0x000001ebe135912f sp=0x0000000ab62fc768 mode 2
Event: 5.711 Thread 0x000001eb80258800 Uncommon trap: trap_request=0xffffffc6 fr.pc=0x000001ebe8f58de4 relative=0x0000000000001004
Event: 5.711 Thread 0x000001eb80258800 Uncommon trap: reason=bimorphic_or_optimized_type_check action=maybe_recompile pc=0x000001ebe8f58de4 method=java.util.HashMap.putVal(ILjava/lang/Object;Ljava/lang/Object;ZZ)Ljava/lang/Object; @ 203 c2
Event: 5.711 Thread 0x000001eb80258800 DEOPT PACKING pc=0x000001ebe8f58de4 sp=0x0000000ab83fd120
Event: 5.711 Thread 0x000001eb80258800 DEOPT UNPACKING pc=0x000001ebe135912f sp=0x0000000ab83fd0b0 mode 2
Event: 5004.333 Thread 0x000001ebfe7b4000 Uncommon trap: trap_request=0xffffff45 fr.pc=0x000001ebe8e32f9c relative=0x00000000000006dc
Event: 5004.333 Thread 0x000001ebfe7b4000 Uncommon trap: reason=unstable_if action=reinterpret pc=0x000001ebe8e32f9c method=io.netty.util.HashedWheelTimer$HashedWheelBucket.expireTimeouts(J)V @ 21 c2
Event: 5004.333 Thread 0x000001ebfe7b4000 DEOPT PACKING pc=0x000001ebe8e32f9c sp=0x0000000ab7bfee40
Event: 5004.333 Thread 0x000001ebfe7b4000 DEOPT UNPACKING pc=0x000001ebe135912f sp=0x0000000ab7bfee20 mode 2
Event: 6862.123 Thread 0x000001ebfe7b4000 DEOPT PACKING pc=0x000001ebe196ed10 sp=0x0000000ab7bfee40
Event: 6862.123 Thread 0x000001ebfe7b4000 DEOPT UNPACKING pc=0x000001ebe135964e sp=0x0000000ab7bfe388 mode 0
Event: 7681.224 Thread 0x000001ebfe7b4000 DEOPT PACKING pc=0x000001ebe196ed10 sp=0x0000000ab7bfee40
Event: 7681.224 Thread 0x000001ebfe7b4000 DEOPT UNPACKING pc=0x000001ebe135964e sp=0x0000000ab7bfe388 mode 0
Event: 8500.324 Thread 0x000001ebfe7b4000 DEOPT PACKING pc=0x000001ebe196ed10 sp=0x0000000ab7bfee40
Event: 8500.325 Thread 0x000001ebfe7b4000 DEOPT UNPACKING pc=0x000001ebe135964e sp=0x0000000ab7bfe388 mode 0

Classes unloaded (0 events):
No events

Classes redefined (16 events):
Event: 343.319 Thread 0x000001ebfa99e800 redefined class name=BrowserTest, count=1
Event: 616.443 Thread 0x000001ebfa99e800 redefined class name=BrowserTest, count=2
Event: 788.326 Thread 0x000001ebfa99e800 redefined class name=BrowserTest, count=3
Event: 805.375 Thread 0x000001ebfa99e800 redefined class name=BrowserTest, count=4
Event: 6990.663 Thread 0x000001ebfa99e800 redefined class name=BrowserTest, count=5
Event: 7087.785 Thread 0x000001ebfa99e800 redefined class name=BrowserTest, count=6
Event: 7319.738 Thread 0x000001ebfa99e800 redefined class name=BrowserTest, count=7
Event: 7406.979 Thread 0x000001ebfa99e800 redefined class name=BrowserTest, count=8
Event: 7424.017 Thread 0x000001ebfa99e800 redefined class name=BrowserTest, count=9
Event: 8223.020 Thread 0x000001ebfa99e800 redefined class name=BrowserTest, count=10
Event: 8363.393 Thread 0x000001ebfa99e800 redefined class name=BrowserTest, count=11
Event: 8380.225 Thread 0x000001ebfa99e800 redefined class name=BrowserTest, count=12
Event: 8577.259 Thread 0x000001ebfa99e800 redefined class name=BrowserTest, count=13
Event: 8600.197 Thread 0x000001ebfa99e800 redefined class name=BrowserTest, count=14
Event: 8738.012 Thread 0x000001ebfa99e800 redefined class name=BrowserTest, count=15
Event: 8766.767 Thread 0x000001ebfa99e800 redefined class name=BrowserTest, count=16

Internal exceptions (20 events):
Event: 1.290 Thread 0x000001ebd8e16800 Exception <a 'java/lang/NoSuchMethodError'{0x000000074c681690}: 'java.lang.Object java.lang.invoke.DirectMethodHandle$Holder.invokeStaticInit(java.lang.Object, java.lang.Object, java.lang.Object)'> (0x000000074c681690) 
thrown [t:/workspace/open/src/hotspot/share/interpreter/linkResolver.cpp, line 767]
Event: 1.582 Thread 0x000001ebd8e16800 Exception <a 'java/lang/NoSuchMethodError'{0x000000074b5b8b10}: 'java.lang.Object java.lang.invoke.Invokers$Holder.linkToTargetMethod(java.lang.Object, int, java.lang.Object)'> (0x000000074b5b8b10) 
thrown [t:/workspace/open/src/hotspot/share/interpreter/linkResolver.cpp, line 767]
Event: 1.691 Thread 0x000001ebd8e16800 Exception <a 'java/lang/NoSuchMethodError'{0x000000074a725e50}: 'java.lang.Object java.lang.invoke.DirectMethodHandle$Holder.invokeSpecialIFC(java.lang.Object, java.lang.Object, java.lang.Object, java.lang.Object)'> (0x000000074a725e50) 
thrown [t:/workspace/open/src/hotspot/share/interpreter/linkResolver.cpp, line 767]
Event: 1.750 Thread 0x000001ebff0e0800 Exception <a 'java/lang/NoSuchMethodError'{0x000000074a231f20}: 'void java.lang.invoke.DirectMethodHandle$Holder.invokeStatic(java.lang.Object, long)'> (0x000000074a231f20) 
thrown [t:/workspace/open/src/hotspot/share/interpreter/linkResolver.cpp, line 767]
Event: 1.756 Thread 0x000001ebff0e0800 Exception <a 'java/lang/NoSuchMethodError'{0x000000074a23f7c0}: 'java.lang.Object java.lang.invoke.DirectMethodHandle$Holder.invokeStaticInit(java.lang.Object, java.lang.Object, long, java.lang.Object)'> (0x000000074a23f7c0) 
thrown [t:/workspace/open/src/hotspot/share/interpreter/linkResolver.cpp, line 767]
Event: 1.757 Thread 0x000001ebff0e0800 Exception <a 'java/lang/NoSuchMethodError'{0x000000074a245388}: 'java.lang.Object java.lang.invoke.Invokers$Holder.linkToTargetMethod(java.lang.Object, long, java.lang.Object)'> (0x000000074a245388) 
thrown [t:/workspace/open/src/hotspot/share/interpreter/linkResolver.cpp, line 767]
Event: 2.256 Thread 0x000001ebff00e000 Exception <a 'java/net/SocketException'{0x000000074a2a7230}: Socket is not connected: shutdown> (0x000000074a2a7230) 
thrown [t:/workspace/open/src/hotspot/share/prims/jni.cpp, line 619]
Event: 2.289 Thread 0x000001ebd8e16800 Exception <a 'java/lang/NoSuchMethodError'{0x0000000749f796a0}: 'java.lang.Object java.lang.invoke.DirectMethodHandle$Holder.invokeInterface(java.lang.Object, java.lang.Object, java.lang.Object)'> (0x0000000749f796a0) 
thrown [t:/workspace/open/src/hotspot/share/interpreter/linkResolver.cpp, line 767]
Event: 2.289 Thread 0x000001ebd8e16800 Exception <a 'java/lang/IncompatibleClassChangeError'{0x0000000749f7c058}: Found class java.lang.Object, but interface was expected> (0x0000000749f7c058) 
thrown [t:/workspace/open/src/hotspot/share/interpreter/linkResolver.cpp, line 833]
Event: 2.291 Thread 0x000001ebd8e16800 Exception <a 'java/lang/NoSuchMethodError'{0x0000000749f84c10}: 'int java.lang.invoke.DirectMethodHandle$Holder.invokeSpecialIFC(java.lang.Object, java.lang.Object, java.lang.Object, java.lang.Object)'> (0x0000000749f84c10) 
thrown [t:/workspace/open/src/hotspot/share/interpreter/linkResolver.cpp, line 767]
Event: 2.292 Thread 0x000001ebd8e16800 Exception <a 'java/lang/NoSuchMethodError'{0x0000000749f8db98}: 'java.lang.Object java.lang.invoke.DirectMethodHandle$Holder.invokeInterface(java.lang.Object, java.lang.Object, java.lang.Object, java.lang.Object)'> (0x0000000749f8db98) 
thrown [t:/workspace/open/src/hotspot/share/interpreter/linkResolver.cpp, line 767]
Event: 2.328 Thread 0x000001ebd8e16800 Exception <a 'java/lang/NoSuchMethodError'{0x0000000749c80878}: 'int java.lang.invoke.DirectMethodHandle$Holder.invokeVirtual(java.lang.Object, java.lang.Object)'> (0x0000000749c80878) 
thrown [t:/workspace/open/src/hotspot/share/interpreter/linkResolver.cpp, line 767]
Event: 2.329 Thread 0x000001ebd8e16800 Exception <a 'java/lang/NoSuchMethodError'{0x0000000749c85ed8}: 'double java.lang.invoke.DirectMethodHandle$Holder.invokeVirtual(java.lang.Object, java.lang.Object)'> (0x0000000749c85ed8) 
thrown [t:/workspace/open/src/hotspot/share/interpreter/linkResolver.cpp, line 767]
Event: 2.330 Thread 0x000001ebd8e16800 Exception <a 'java/lang/NoSuchMethodError'{0x0000000749c8b798}: 'float java.lang.invoke.DirectMethodHandle$Holder.invokeVirtual(java.lang.Object, java.lang.Object)'> (0x0000000749c8b798) 
thrown [t:/workspace/open/src/hotspot/share/interpreter/linkResolver.cpp, line 767]
Event: 2.330 Thread 0x000001ebd8e16800 Exception <a 'java/lang/NoSuchMethodError'{0x0000000749c93220}: 'long java.lang.invoke.DirectMethodHandle$Holder.invokeVirtual(java.lang.Object, java.lang.Object)'> (0x0000000749c93220) 
thrown [t:/workspace/open/src/hotspot/share/interpreter/linkResolver.cpp, line 767]
Event: 2.379 Thread 0x000001ebd8e16800 Exception <a 'java/lang/NoSuchMethodError'{0x0000000749825c88}: 'void java.lang.invoke.DirectMethodHandle$Holder.invokeSpecial(java.lang.Object, java.lang.Object, java.lang.Object, java.lang.Object, java.lang.Object)'> (0x0000000749825c88) 
thrown [t:/workspace/open/src/hotspot/share/interpreter/linkResolver.cpp, line 767]
Event: 2.556 Thread 0x000001ebd8e16800 Exception <a 'java/lang/NoSuchMethodError'{0x000000074f9551b8}: 'void java.lang.invoke.DirectMethodHandle$Holder.invokeStatic(java.lang.Object, java.lang.Object, java.lang.Object, java.lang.Object)'> (0x000000074f9551b8) 
thrown [t:/workspace/open/src/hotspot/share/interpreter/linkResolver.cpp, line 767]
Event: 2.607 Thread 0x000001ebd8e16800 Exception <a 'java/lang/NoSuchMethodError'{0x000000074f1e3de8}: 'void java.lang.invoke.DirectMethodHandle$Holder.invokeSpecial(java.lang.Object, java.lang.Object, java.lang.Object, java.lang.Object, java.lang.Object, java.lang.Object)'> (0x000000074f1e3de8) 
thrown [t:/workspace/open/src/hotspot/share/interpreter/linkResolver.cpp, line 767]
Event: 5.633 Thread 0x000001ebd8e16800 Exception <a 'java/lang/NoSuchMethodError'{0x000000074da9b538}: 'java.lang.Object java.lang.invoke.DirectMethodHandle$Holder.invokeSpecialIFC(java.lang.Object, java.lang.Object, java.lang.Object)'> (0x000000074da9b538) 
thrown [t:/workspace/open/src/hotspot/share/interpreter/linkResolver.cpp, line 767]
Event: 5.649 Thread 0x000001ebd8e16800 Exception <a 'java/lang/ClassNotFoundException'{0x000000074d9c06b8}: sun/util/logging/resources/spi/loggingProvider> (0x000000074d9c06b8) 
thrown [t:/workspace/open/src/hotspot/share/classfile/systemDictionary.cpp, line 232]

Events (20 events):
Event: 8885.122 Executing VM operation: GetFrameCount
Event: 8885.122 Executing VM operation: GetFrameCount done
Event: 8885.122 Executing VM operation: GetFrameCount
Event: 8885.122 Executing VM operation: GetFrameCount done
Event: 8885.122 Executing VM operation: SetFramePop
Event: 8885.122 Executing VM operation: SetFramePop done
Event: 8885.122 Executing VM operation: GetFrameLocation
Event: 8885.122 Executing VM operation: GetFrameLocation done
Event: 8885.122 Executing VM operation: GetCurrentLocation
Event: 8885.122 Executing VM operation: GetCurrentLocation done
Event: 8885.122 Executing VM operation: ChangeSingleStep
Event: 8885.122 Executing VM operation: ChangeSingleStep done
Event: 8885.122 Executing VM operation: GetFrameCount
Event: 8885.122 Executing VM operation: GetFrameCount done
Event: 8885.122 Executing VM operation: GetFrameCount
Event: 8885.122 Executing VM operation: GetFrameCount done
Event: 8885.122 Executing VM operation: GetStackTrace
Event: 8885.122 Executing VM operation: GetStackTrace done
Event: 8885.122 Executing VM operation: GetFrameLocation
Event: 8885.122 Executing VM operation: GetFrameLocation done


Dynamic libraries:
0x00007ff614440000 - 0x00007ff61444f000 	C:\Program Files\Java\jdk-13.0.2\bin\javaw.exe
0x00007ff800fa0000 - 0x00007ff801190000 	C:\windows\SYSTEM32\ntdll.dll
0x00007ff8008b0000 - 0x00007ff800962000 	C:\windows\System32\KERNEL32.DLL
0x00007ffffe8f0000 - 0x00007ffffeb94000 	C:\windows\System32\KERNELBASE.dll
0x00007ffffef40000 - 0x00007fffff03a000 	C:\windows\System32\ucrtbase.dll
0x00007ffff5c40000 - 0x00007ffff5c58000 	C:\Program Files\Java\jdk-13.0.2\bin\jli.dll
0x00007fffec010000 - 0x00007fffec025000 	C:\Program Files\Java\jdk-13.0.2\bin\VCRUNTIME140.dll
0x00007ffffff10000 - 0x00007ffffffb3000 	C:\windows\System32\ADVAPI32.dll
0x00007ff800400000 - 0x00007ff80049e000 	C:\windows\System32\msvcrt.dll
0x00007ff800970000 - 0x00007ff800a07000 	C:\windows\System32\sechost.dll
0x00007fffffc40000 - 0x00007fffffd60000 	C:\windows\System32\RPCRT4.dll
0x00007ff8005c0000 - 0x00007ff800754000 	C:\windows\System32\USER32.dll
0x00007ffffef10000 - 0x00007ffffef31000 	C:\windows\System32\win32u.dll
0x00007fffffc10000 - 0x00007fffffc36000 	C:\windows\System32\GDI32.dll
0x00007ffffdf20000 - 0x00007ffffe0b4000 	C:\windows\System32\gdi32full.dll
0x00007ffffebf0000 - 0x00007ffffec8e000 	C:\windows\System32\msvcp_win.dll
0x00007fffd5c10000 - 0x00007fffd5e94000 	C:\windows\WinSxS\amd64_microsoft.windows.common-controls_6595b64144ccf1df_6.0.18362.836_none_e6c4b943130f18ed\COMCTL32.dll
0x00007ff8000c0000 - 0x00007ff8003f6000 	C:\windows\System32\combase.dll
0x00007ffff5190000 - 0x00007ffff519a000 	C:\windows\SYSTEM32\VERSION.dll
0x00007ffffee90000 - 0x00007ffffef10000 	C:\windows\System32\bcryptPrimitives.dll
0x00007ffffffc0000 - 0x00007ffffffee000 	C:\windows\System32\IMM32.DLL
0x00007fffd11e0000 - 0x00007fffd127b000 	C:\Program Files\Java\jdk-13.0.2\bin\msvcp140.dll
0x00007fffcf000000 - 0x00007fffcfb5d000 	C:\Program Files\Java\jdk-13.0.2\bin\server\jvm.dll
0x00007fffff1f0000 - 0x00007fffff1f8000 	C:\windows\System32\PSAPI.DLL
0x00007fffeede0000 - 0x00007fffeede9000 	C:\windows\SYSTEM32\WSOCK32.dll
0x00007fffe7d90000 - 0x00007fffe7db4000 	C:\windows\SYSTEM32\WINMM.dll
0x00007fffffa40000 - 0x00007fffffaaf000 	C:\windows\System32\WS2_32.dll
0x00007fffe79a0000 - 0x00007fffe79cd000 	C:\windows\SYSTEM32\winmmbase.dll
0x00007ffffeba0000 - 0x00007ffffebea000 	C:\windows\System32\cfgmgr32.dll
0x00007ffffdf00000 - 0x00007ffffdf11000 	C:\windows\System32\kernel.appcore.dll
0x00007fffeedd0000 - 0x00007fffeede0000 	C:\Program Files\Java\jdk-13.0.2\bin\verify.dll
0x00007ffffc520000 - 0x00007ffffc714000 	C:\windows\SYSTEM32\DBGHELP.DLL
0x00007fffebe10000 - 0x00007fffebe3a000 	C:\windows\SYSTEM32\dbgcore.DLL
0x00007fffdbd90000 - 0x00007fffdbdb6000 	C:\Program Files\Java\jdk-13.0.2\bin\java.dll
0x00007fffde960000 - 0x00007fffde998000 	C:\Program Files\Java\jdk-13.0.2\bin\jdwp.dll
0x00007fffeee90000 - 0x00007fffeee9e000 	C:\Program Files\Java\jdk-13.0.2\bin\instrument.dll
0x00007fffebfe0000 - 0x00007fffebff7000 	C:\Program Files\Java\jdk-13.0.2\bin\zip.dll
0x00007fffebf80000 - 0x00007fffebf8a000 	C:\Program Files\Java\jdk-13.0.2\bin\jimage.dll
0x00007fffff350000 - 0x00007fffffa34000 	C:\windows\System32\SHELL32.dll
0x00007ff8004a0000 - 0x00007ff800549000 	C:\windows\System32\shcore.dll
0x00007ffffe150000 - 0x00007ffffe8ce000 	C:\windows\System32\windows.storage.dll
0x00007ffffded0000 - 0x00007ffffdef3000 	C:\windows\System32\profapi.dll
0x00007ffffde80000 - 0x00007ffffdeca000 	C:\windows\System32\powrprof.dll
0x00007ffffde50000 - 0x00007ffffde60000 	C:\windows\System32\UMPDC.dll
0x00007fffffeb0000 - 0x00007ffffff02000 	C:\windows\System32\shlwapi.dll
0x00007ffffe8d0000 - 0x00007ffffe8e7000 	C:\windows\System32\cryptsp.dll
0x00007fffeee80000 - 0x00007fffeee8b000 	C:\Program Files\Java\jdk-13.0.2\bin\dt_socket.dll
0x00007ffffd6c0000 - 0x00007ffffd727000 	C:\windows\system32\mswsock.dll
0x00007ffffd410000 - 0x00007ffffd4db000 	C:\windows\SYSTEM32\DNSAPI.dll
0x00007ff800000000 - 0x00007ff800008000 	C:\windows\System32\NSI.dll
0x00007ffffd3d0000 - 0x00007ffffd40a000 	C:\windows\SYSTEM32\IPHLPAPI.DLL
0x00007ffff3340000 - 0x00007ffff334a000 	C:\Windows\System32\rasadhlp.dll
0x00007ffff2900000 - 0x00007ffff2977000 	C:\windows\System32\fwpuclnt.dll
0x00007ffffe0c0000 - 0x00007ffffe0e6000 	C:\windows\System32\bcrypt.dll
0x00007fffeb960000 - 0x00007fffeb979000 	C:\Program Files\Java\jdk-13.0.2\bin\net.dll
0x00007ffff6920000 - 0x00007ffff6a10000 	C:\windows\SYSTEM32\WINHTTP.dll
0x00007fffdc030000 - 0x00007fffdc043000 	C:\Program Files\Java\jdk-13.0.2\bin\nio.dll
0x00007fffebf70000 - 0x00007fffebf7e000 	C:\Program Files\Java\jdk-13.0.2\bin\sunmscapi.dll
0x00007ffffec90000 - 0x00007ffffedd9000 	C:\windows\System32\CRYPT32.dll
0x00007ffffde60000 - 0x00007ffffde72000 	C:\windows\System32\MSASN1.dll
0x00007ffffd990000 - 0x00007ffffd9b6000 	C:\windows\SYSTEM32\ncrypt.dll
0x00007ffffd950000 - 0x00007ffffd98b000 	C:\windows\SYSTEM32\NTASN1.dll
0x00007fffd6520000 - 0x00007fffd6545000 	C:\Program Files\Java\jdk-13.0.2\bin\sunec.dll
0x00007ffffd230000 - 0x00007ffffd263000 	C:\windows\system32\rsaenh.dll
0x00007ffffdd70000 - 0x00007ffffdd95000 	C:\windows\SYSTEM32\USERENV.dll
0x00007ffffd890000 - 0x00007ffffd89c000 	C:\windows\SYSTEM32\CRYPTBASE.dll
0x00007ffff3e80000 - 0x00007ffff3e96000 	C:\windows\SYSTEM32\dhcpcsvc6.DLL
0x00007ffff3350000 - 0x00007ffff336c000 	C:\windows\SYSTEM32\dhcpcsvc.DLL
0x00007ffff5090000 - 0x00007ffff5099000 	C:\Program Files\Java\jdk-13.0.2\bin\management.dll
0x00007fffeee60000 - 0x00007fffeee6b000 	C:\Program Files\Java\jdk-13.0.2\bin\management_ext.dll
0x00007fff9cd50000 - 0x00007fff9cd66000 	C:\windows\system32\napinsp.dll
0x00007fff9cb50000 - 0x00007fff9cb6a000 	C:\windows\system32\pnrpnsp.dll
0x00007fff9cd40000 - 0x00007fff9cd4e000 	C:\windows\System32\winrnr.dll
0x00007ffff6620000 - 0x00007ffff663c000 	C:\windows\system32\NLAapi.dll
0x00007ffff6060000 - 0x00007ffff6075000 	C:\windows\system32\wshbth.dll

dbghelp: loaded successfully - version: 4.0.5 - missing functions: none
symbol engine: initialized successfully - sym options: 0x614 - pdb path: .;C:\Program Files\Java\jdk-13.0.2\bin;C:\windows\SYSTEM32;C:\windows\WinSxS\amd64_microsoft.windows.common-controls_6595b64144ccf1df_6.0.18362.836_none_e6c4b943130f18ed;C:\Program Files\Java\jdk-13.0.2\bin\server

VM Arguments:
jvm_args: -agentlib:jdwp=transport=dt_socket,suspend=y,address=localhost:59655 -javaagent:C:\Users\harig\eclipse\java-2020-03\eclipse\configuration\org.eclipse.osgi\223\0\.cp\lib\javaagent-shaded.jar -Dfile.encoding=Cp1252 
java_command: BrowserTest
java_class_path (initial): C:\Users\harig\eclipse-workspace\SeleniumFramework\target\test-classes;C:\Users\harig\eclipse-workspace\SeleniumFramework\target\classes;C:\Users\harig\.m2\repository\org\seleniumhq\selenium\selenium-java\4.0.0-alpha-5\selenium-java-4.0.0-alpha-5.jar;C:\Users\harig\.m2\repository\org\seleniumhq\selenium\selenium-api\4.0.0-alpha-5\selenium-api-4.0.0-alpha-5.jar;C:\Users\harig\.m2\repository\org\seleniumhq\selenium\selenium-edge-driver\4.0.0-alpha-5\selenium-edge-driver-4.0.0-alpha-5.jar;C:\Users\harig\.m2\repository\org\seleniumhq\selenium\selenium-edgehtml-driver\4.0.0-alpha-5\selenium-edgehtml-driver-4.0.0-alpha-5.jar;C:\Users\harig\.m2\repository\org\seleniumhq\selenium\selenium-firefox-driver\4.0.0-alpha-5\selenium-firefox-driver-4.0.0-alpha-5.jar;C:\Users\harig\.m2\repository\org\seleniumhq\selenium\selenium-firefox-xpi-driver\4.0.0-alpha-5\selenium-firefox-xpi-driver-4.0.0-alpha-5.jar;C:\Users\harig\.m2\repository\org\seleniumhq\selenium\selenium-ie-driver\4.0.0-alpha-5\selenium-ie-driver-4.0.0-alpha-5.jar;C:\Users\harig\.m2\repository\org\seleniumhq\selenium\selenium-opera-driver\4.0.0-alpha-5\selenium-opera-driver-4.0.0-alpha-5.jar;C:\Users\harig\.m2\repository\org\seleniumhq\selenium\selenium-remote-driver\4.0.0-alpha-5\selenium-remote-driver-4.0.0-alpha-5.jar;C:\Users\harig\.m2\repository\com\squareup\okhttp3\okhttp\4.4.1\okhttp-4.4.1.jar;C:\Users\harig\.m2\repository\org\jetbrains\kotlin\kotlin-stdlib\1.3.61\kotlin-stdlib-1.3.61.jar;C:\Users\harig\.m2\repository\org\jetbrains\annotations\13.0\annotations-13.0.jar;C:\Users\harig\.m2\repository\com\squareup\okio\okio\2.4.3\okio-2.4.3.jar;C:\Users\harig\.m2\repository\org\jetbrains\kotlin\kotlin-stdlib-common\1.3.61\kotlin-stdlib-common-1.3.61.jar;C:\Users\harig\.m2\repository\com\typesafe\netty\netty-reactive-streams\2.0.4\netty-reactive-streams-2.0.4.jar;C:\Users\harig\.m2\repository\io\netty\netty-handler\4.1.43.Final\netty-handler-4.1.43.Final.jar;C:\Users\harig\.m2\repository
Launcher Type: SUN_STANDARD

[Global flags]
     intx CICompilerCount                          = 4                                         {product} {ergonomic}
     uint ConcGCThreads                            = 2                                         {product} {ergonomic}
     uint G1ConcRefinementThreads                  = 8                                         {product} {ergonomic}
   size_t G1HeapRegionSize                         = 1048576                                   {product} {ergonomic}
    uintx GCDrainStackTargetSize                   = 64                                        {product} {ergonomic}
   size_t InitialHeapSize                          = 199229440                                 {product} {ergonomic}
   size_t MarkStackSize                            = 4194304                                   {product} {ergonomic}
   size_t MaxHeapSize                              = 3158310912                                {product} {ergonomic}
   size_t MaxNewSize                               = 1894776832                                {product} {ergonomic}
   size_t MinHeapDeltaBytes                        = 1048576                                   {product} {ergonomic}
   size_t MinHeapSize                              = 8388608                                   {product} {ergonomic}
    uintx NonNMethodCodeHeapSize                   = 5839372                                {pd product} {ergonomic}
    uintx NonProfiledCodeHeapSize                  = 122909434                              {pd product} {ergonomic}
    uintx ProfiledCodeHeapSize                     = 122909434                              {pd product} {ergonomic}
    uintx ReservedCodeCacheSize                    = 251658240                              {pd product} {ergonomic}
     bool SegmentedCodeCache                       = true                                      {product} {ergonomic}
   size_t SoftMaxHeapSize                          = 3158310912                             {manageable} {ergonomic}
     bool UseCompressedClassPointers               = true                                 {lp64_product} {ergonomic}
     bool UseCompressedOops                        = true                                 {lp64_product} {ergonomic}
     bool UseG1GC                                  = true                                      {product} {ergonomic}
     bool UseLargePagesIndividualAllocation        = false                                  {pd product} {ergonomic}

Logging:
Log output configuration:
 #0: stdout all=warning uptime,level,tags
 #1: stderr all=off uptime,level,tags

Environment Variables:
PATH=C:/Program Files/Java/jdk-13.0.2/bin/server;C:/Program Files/Java/jdk-13.0.2/bin;C:\Program Files (x86)\Common Files\Oracle\Java\javapath;C:\windows\system32;C:\windows;C:\windows\System32\Wbem;C:\windows\System32\WindowsPowerShell\v1.0\;C:\windows\System32\OpenSSH\;C:\Users\harig\AppData\Local\Microsoft\WindowsApps;;C:\Users\harig\OneDrive\Desktop;
USERNAME=harig
OS=Windows_NT
PROCESSOR_IDENTIFIER=Intel64 Family 6 Model 142 Stepping 12, GenuineIntel



---------------  S Y S T E M  ---------------

OS: Windows 10 , 64 bit Build 18362 (10.0.18362.778)

CPU:total 8 (initial active 8) (4 cores per cpu, 2 threads per core) family 6 model 142 stepping 12, cmov, cx8, fxsr, mmx, sse, sse2, sse3, ssse3, sse4.1, sse4.2, popcnt, avx, avx2, aes, clmul, erms, 3dnowpref, lzcnt, ht, tsc, tscinvbit, bmi1, bmi2, adx, fma

Memory: 4k page, system-wide physical 12043M (3605M free)
TotalPageFile size 30756M (AvailPageFile size 4061M)
current process WorkingSet (physical memory assigned to process): 70M, peak: 310M
current process commit charge ("private bytes"): 359M, peak: 410M

vm_info: Java HotSpot(TM) 64-Bit Server VM (13.0.2+8) for windows-amd64 JRE (13.0.2+8), built on Dec 11 2019 09:20:33 by "mach5one" with unknown MS VC++:1916

END.
